[2019-09-11 22:28:10 +0000] [156] [INFO] Starting gunicorn 19.9.0
[2019-09-11 22:28:10 +0000] [156] [INFO] Listening at: http://127.0.0.1:8080 (156)
[2019-09-11 22:28:10 +0000] [156] [INFO] Using worker: threads
[2019-09-11 22:28:10 +0000] [163] [INFO] Booting worker with pid: 163
[2019-09-11 22:28:10 +0000] [164] [INFO] Booting worker with pid: 164
[2019-09-11 22:28:10 +0000] [165] [INFO] Booting worker with pid: 165
[2019-09-11 22:28:10 +0000] [166] [INFO] Booting worker with pid: 166
[2019-09-11 22:32:40] - [ERROR] - [django_dbconn_retry:57]  - Reconnecting to the database didn't help could not connect to server: Connection refused
	Is the server running on host "oj-postgres" (172.18.0.4) and accepting
	TCP/IP connections on port 5432?

[2019-09-11 22:32:40] - [ERROR] - [root:156]  - could not connect to server: Connection refused
	Is the server running on host "oj-postgres" (172.18.0.4) and accepting
	TCP/IP connections on port 5432?
Traceback (most recent call last):
  File "/usr/local/lib/python3.7/site-packages/django_dbconn_retry/__init__.py", line 53, in ensure_connection_with_retries
    self.connect()
  File "/usr/local/lib/python3.7/site-packages/django/db/backends/base/base.py", line 194, in connect
    self.connection = self.get_new_connection(conn_params)
  File "/usr/local/lib/python3.7/site-packages/django/db/backends/postgresql/base.py", line 178, in get_new_connection
    connection = Database.connect(**conn_params)
  File "/usr/local/lib/python3.7/site-packages/psycopg2/__init__.py", line 130, in connect
    conn = _connect(dsn, connection_factory=connection_factory, **kwasync)
psycopg2.OperationalError: could not connect to server: Connection refused
	Is the server running on host "oj-postgres" (172.18.0.4) and accepting
	TCP/IP connections on port 5432?


During handling of the above exception, another exception occurred:

Traceback (most recent call last):
  File "/usr/local/lib/python3.7/site-packages/django_dbconn_retry/__init__.py", line 53, in ensure_connection_with_retries
    self.connect()
  File "/usr/local/lib/python3.7/site-packages/django/db/backends/base/base.py", line 194, in connect
    self.connection = self.get_new_connection(conn_params)
  File "/usr/local/lib/python3.7/site-packages/django/db/backends/postgresql/base.py", line 178, in get_new_connection
    connection = Database.connect(**conn_params)
  File "/usr/local/lib/python3.7/site-packages/psycopg2/__init__.py", line 130, in connect
    conn = _connect(dsn, connection_factory=connection_factory, **kwasync)
psycopg2.OperationalError: could not connect to server: Connection refused
	Is the server running on host "oj-postgres" (172.18.0.4) and accepting
	TCP/IP connections on port 5432?


The above exception was the direct cause of the following exception:

Traceback (most recent call last):
  File "/app/utils/api/api.py", line 149, in dispatch
    return super(APIView, self).dispatch(request, *args, **kwargs)
  File "/usr/local/lib/python3.7/site-packages/django/views/generic/base.py", line 88, in dispatch
    return handler(request, *args, **kwargs)
  File "/app/utils/api/api.py", line 181, in handle
    return view_method(*args, **kwargs)
  File "/app/conf/views.py", line 137, in post
    if hashlib.sha256(SysOptions.judge_server_token.encode("utf-8")).hexdigest() != client_token:
  File "/app/options/options.py", line 67, in __get__
    return self.func(obj)
  File "/app/options/options.py", line 242, in judge_server_token
    return cls._get_option(OptionKeys.judge_server_token)
  File "/app/options/options.py", line 142, in _get_option
    option = SysOptionsModel.objects.get(key=option_key)
  File "/usr/local/lib/python3.7/site-packages/django/db/models/manager.py", line 82, in manager_method
    return getattr(self.get_queryset(), name)(*args, **kwargs)
  File "/usr/local/lib/python3.7/site-packages/django/db/models/query.py", line 393, in get
    num = len(clone)
  File "/usr/local/lib/python3.7/site-packages/django/db/models/query.py", line 250, in __len__
    self._fetch_all()
  File "/usr/local/lib/python3.7/site-packages/django/db/models/query.py", line 1186, in _fetch_all
    self._result_cache = list(self._iterable_class(self))
  File "/usr/local/lib/python3.7/site-packages/django/db/models/query.py", line 54, in __iter__
    results = compiler.execute_sql(chunked_fetch=self.chunked_fetch, chunk_size=self.chunk_size)
  File "/usr/local/lib/python3.7/site-packages/django/db/models/sql/compiler.py", line 1063, in execute_sql
    cursor = self.connection.cursor()
  File "/usr/local/lib/python3.7/site-packages/django/db/backends/base/base.py", line 255, in cursor
    return self._cursor()
  File "/usr/local/lib/python3.7/site-packages/django/db/backends/base/base.py", line 232, in _cursor
    self.ensure_connection()
  File "/usr/local/lib/python3.7/site-packages/django_dbconn_retry/__init__.py", line 71, in ensure_connection_with_retries
    self.ensure_connection()
  File "/usr/local/lib/python3.7/site-packages/django_dbconn_retry/__init__.py", line 81, in ensure_connection_with_retries
    del self._in_connecting
  File "/usr/local/lib/python3.7/site-packages/django/db/utils.py", line 89, in __exit__
    raise dj_exc_value.with_traceback(traceback) from exc_value
  File "/usr/local/lib/python3.7/site-packages/django_dbconn_retry/__init__.py", line 53, in ensure_connection_with_retries
    self.connect()
  File "/usr/local/lib/python3.7/site-packages/django/db/backends/base/base.py", line 194, in connect
    self.connection = self.get_new_connection(conn_params)
  File "/usr/local/lib/python3.7/site-packages/django/db/backends/postgresql/base.py", line 178, in get_new_connection
    connection = Database.connect(**conn_params)
  File "/usr/local/lib/python3.7/site-packages/psycopg2/__init__.py", line 130, in connect
    conn = _connect(dsn, connection_factory=connection_factory, **kwasync)
django.db.utils.OperationalError: could not connect to server: Connection refused
	Is the server running on host "oj-postgres" (172.18.0.4) and accepting
	TCP/IP connections on port 5432?

[2019-09-11 22:32:41] - [ERROR] - [sentry.errors:684]  - Sentry responded with an API error: RateLimited(Creation of this event was denied due to rate limiting)
b'Sentry responded with an API error: RateLimited(Creation of this event was denied due to rate limiting)'
[2019-09-11 22:32:41] - [ERROR] - [sentry.errors.uncaught:712]  - ['Reconnecting to the database didn\'t help could not connect to server: Connection refused\n\tIs the server running on host "oj-postgres" (172.18.0.4) and accepting\n\tTCP/IP connections on port 5432?\n']
b'[\'Reconnecting to the database didn\\\'t help could not connect to server: Connection refused\\n\\tIs the server running on host "oj-postgres" (172.18.0.4) and accepting\\n\\tTCP/IP connections on port 5432?\\n\']'
[2019-09-11 22:32:43] - [ERROR] - [sentry.errors:684]  - Sentry responded with an API error: RateLimited(Creation of this event was denied due to rate limiting)
b'Sentry responded with an API error: RateLimited(Creation of this event was denied due to rate limiting)'
[2019-09-11 22:32:43] - [ERROR] - [sentry.errors.uncaught:712]  - ['could not connect to server: Connection refused\n\tIs the server running on host "oj-postgres" (172.18.0.4) and accepting\n\tTCP/IP connections on port 5432?\n', '  File "utils/api/api.py", line 149, in dispatch', '  File "django/views/generic/base.py", line 88, in dispatch', '  File "utils/api/api.py", line 181, in handle', '  File "conf/views.py", line 137, in post', '  File "options/options.py", line 67, in __get__', '  File "options/options.py", line 242, in judge_server_token', '  File "options/options.py", line 142, in _get_option', '  File "django/db/models/manager.py", line 82, in manager_method', '  File "django/db/models/query.py", line 393, in get', '  File "django/db/models/query.py", line 250, in __len__', '  File "django/db/models/query.py", line 1186, in _fetch_all', '  File "django/db/models/query.py", line 54, in __iter__', '  File "django/db/models/sql/compiler.py", line 1063, in execute_sql', '  File "django/db/backends/base/base.py", line 255, in cursor', '  File "django/db/backends/base/base.py", line 232, in _cursor', '  File "django_dbconn_retry/__init__.py", line 71, in ensure_connection_with_retries', '  File "django_dbconn_retry/__init__.py", line 81, in ensure_connection_with_retries', '  File "django/db/utils.py", line 89, in __exit__', '  File "django_dbconn_retry/__init__.py", line 53, in ensure_connection_with_retries', '  File "django/db/backends/base/base.py", line 194, in connect', '  File "django/db/backends/postgresql/base.py", line 178, in get_new_connection', '  File "psycopg2/__init__.py", line 130, in connect']
b'[\'could not connect to server: Connection refused\\n\\tIs the server running on host "oj-postgres" (172.18.0.4) and accepting\\n\\tTCP/IP connections on port 5432?\\n\', \'  File "utils/api/api.py", line 149, in dispatch\', \'  File "django/views/generic/base.py", line 88, in dispatch\', \'  File "utils/api/api.py", line 181, in handle\', \'  File "conf/views.py", line 137, in post\', \'  File "options/options.py", line 67, in __get__\', \'  File "options/options.py", line 242, in judge_server_token\', \'  File "options/options.py", line 142, in _get_option\', \'  File "django/db/models/manager.py", line 82, in manager_method\', \'  File "django/db/models/query.py", line 393, in get\', \'  File "django/db/models/query.py", line 250, in __len__\', \'  File "django/db/models/query.py", line 1186, in _fetch_all\', \'  File "django/db/models/query.py", line 54, in __iter__\', \'  File "django/db/models/sql/compiler.py", line 1063, in execute_sql\', \'  File "django/db/backends/base/base.py", line 255, in cursor\', \'  File "django/db/backends/base/base.py", line 232, in _cursor\', \'  File "django_dbconn_retry/__init__.py", line 71, in ensure_connection_with_retries\', \'  File "django_dbconn_retry/__init__.py", line 81, in ensure_connection_with_retries\', \'  File "django/db/utils.py", line 89, in __exit__\', \'  File "django_dbconn_retry/__init__.py", line 53, in ensure_connection_with_retries\', \'  File "django/db/backends/base/base.py", line 194, in connect\', \'  File "django/db/backends/postgresql/base.py", line 178, in get_new_connection\', \'  File "psycopg2/__init__.py", line 130, in connect\']'
[2019-09-11 22:32:45] - [ERROR] - [django_dbconn_retry:57]  - Reconnecting to the database didn't help could not connect to server: Connection refused
	Is the server running on host "oj-postgres" (172.18.0.4) and accepting
	TCP/IP connections on port 5432?

[2019-09-11 22:32:45] - [ERROR] - [sentry.errors.uncaught:712]  - ['Reconnecting to the database didn\'t help could not connect to server: Connection refused\n\tIs the server running on host "oj-postgres" (172.18.0.4) and accepting\n\tTCP/IP connections on port 5432?\n']
b'[\'Reconnecting to the database didn\\\'t help could not connect to server: Connection refused\\n\\tIs the server running on host "oj-postgres" (172.18.0.4) and accepting\\n\\tTCP/IP connections on port 5432?\\n\']'
[2019-09-11 22:32:45] - [ERROR] - [root:156]  - could not connect to server: Connection refused
	Is the server running on host "oj-postgres" (172.18.0.4) and accepting
	TCP/IP connections on port 5432?
Traceback (most recent call last):
  File "/usr/local/lib/python3.7/site-packages/django_dbconn_retry/__init__.py", line 53, in ensure_connection_with_retries
    self.connect()
  File "/usr/local/lib/python3.7/site-packages/django/db/backends/base/base.py", line 194, in connect
    self.connection = self.get_new_connection(conn_params)
  File "/usr/local/lib/python3.7/site-packages/django/db/backends/postgresql/base.py", line 178, in get_new_connection
    connection = Database.connect(**conn_params)
  File "/usr/local/lib/python3.7/site-packages/psycopg2/__init__.py", line 130, in connect
    conn = _connect(dsn, connection_factory=connection_factory, **kwasync)
psycopg2.OperationalError: could not connect to server: Connection refused
	Is the server running on host "oj-postgres" (172.18.0.4) and accepting
	TCP/IP connections on port 5432?


During handling of the above exception, another exception occurred:

Traceback (most recent call last):
  File "/usr/local/lib/python3.7/site-packages/django_dbconn_retry/__init__.py", line 53, in ensure_connection_with_retries
    self.connect()
  File "/usr/local/lib/python3.7/site-packages/django/db/backends/base/base.py", line 194, in connect
    self.connection = self.get_new_connection(conn_params)
  File "/usr/local/lib/python3.7/site-packages/django/db/backends/postgresql/base.py", line 178, in get_new_connection
    connection = Database.connect(**conn_params)
  File "/usr/local/lib/python3.7/site-packages/psycopg2/__init__.py", line 130, in connect
    conn = _connect(dsn, connection_factory=connection_factory, **kwasync)
psycopg2.OperationalError: could not connect to server: Connection refused
	Is the server running on host "oj-postgres" (172.18.0.4) and accepting
	TCP/IP connections on port 5432?


The above exception was the direct cause of the following exception:

Traceback (most recent call last):
  File "/app/utils/api/api.py", line 149, in dispatch
    return super(APIView, self).dispatch(request, *args, **kwargs)
  File "/usr/local/lib/python3.7/site-packages/django/views/generic/base.py", line 88, in dispatch
    return handler(request, *args, **kwargs)
  File "/app/utils/api/api.py", line 181, in handle
    return view_method(*args, **kwargs)
  File "/app/conf/views.py", line 137, in post
    if hashlib.sha256(SysOptions.judge_server_token.encode("utf-8")).hexdigest() != client_token:
  File "/app/options/options.py", line 67, in __get__
    return self.func(obj)
  File "/app/options/options.py", line 242, in judge_server_token
    return cls._get_option(OptionKeys.judge_server_token)
  File "/app/options/options.py", line 142, in _get_option
    option = SysOptionsModel.objects.get(key=option_key)
  File "/usr/local/lib/python3.7/site-packages/django/db/models/manager.py", line 82, in manager_method
    return getattr(self.get_queryset(), name)(*args, **kwargs)
  File "/usr/local/lib/python3.7/site-packages/django/db/models/query.py", line 393, in get
    num = len(clone)
  File "/usr/local/lib/python3.7/site-packages/django/db/models/query.py", line 250, in __len__
    self._fetch_all()
  File "/usr/local/lib/python3.7/site-packages/django/db/models/query.py", line 1186, in _fetch_all
    self._result_cache = list(self._iterable_class(self))
  File "/usr/local/lib/python3.7/site-packages/django/db/models/query.py", line 54, in __iter__
    results = compiler.execute_sql(chunked_fetch=self.chunked_fetch, chunk_size=self.chunk_size)
  File "/usr/local/lib/python3.7/site-packages/django/db/models/sql/compiler.py", line 1063, in execute_sql
    cursor = self.connection.cursor()
  File "/usr/local/lib/python3.7/site-packages/django/db/backends/base/base.py", line 255, in cursor
    return self._cursor()
  File "/usr/local/lib/python3.7/site-packages/django/db/backends/base/base.py", line 232, in _cursor
    self.ensure_connection()
  File "/usr/local/lib/python3.7/site-packages/django_dbconn_retry/__init__.py", line 71, in ensure_connection_with_retries
    self.ensure_connection()
  File "/usr/local/lib/python3.7/site-packages/django_dbconn_retry/__init__.py", line 81, in ensure_connection_with_retries
    del self._in_connecting
  File "/usr/local/lib/python3.7/site-packages/django/db/utils.py", line 89, in __exit__
    raise dj_exc_value.with_traceback(traceback) from exc_value
  File "/usr/local/lib/python3.7/site-packages/django_dbconn_retry/__init__.py", line 53, in ensure_connection_with_retries
    self.connect()
  File "/usr/local/lib/python3.7/site-packages/django/db/backends/base/base.py", line 194, in connect
    self.connection = self.get_new_connection(conn_params)
  File "/usr/local/lib/python3.7/site-packages/django/db/backends/postgresql/base.py", line 178, in get_new_connection
    connection = Database.connect(**conn_params)
  File "/usr/local/lib/python3.7/site-packages/psycopg2/__init__.py", line 130, in connect
    conn = _connect(dsn, connection_factory=connection_factory, **kwasync)
django.db.utils.OperationalError: could not connect to server: Connection refused
	Is the server running on host "oj-postgres" (172.18.0.4) and accepting
	TCP/IP connections on port 5432?

[2019-09-11 22:32:45] - [ERROR] - [sentry.errors.uncaught:712]  - ['could not connect to server: Connection refused\n\tIs the server running on host "oj-postgres" (172.18.0.4) and accepting\n\tTCP/IP connections on port 5432?\n', '  File "utils/api/api.py", line 149, in dispatch', '  File "django/views/generic/base.py", line 88, in dispatch', '  File "utils/api/api.py", line 181, in handle', '  File "conf/views.py", line 137, in post', '  File "options/options.py", line 67, in __get__', '  File "options/options.py", line 242, in judge_server_token', '  File "options/options.py", line 142, in _get_option', '  File "django/db/models/manager.py", line 82, in manager_method', '  File "django/db/models/query.py", line 393, in get', '  File "django/db/models/query.py", line 250, in __len__', '  File "django/db/models/query.py", line 1186, in _fetch_all', '  File "django/db/models/query.py", line 54, in __iter__', '  File "django/db/models/sql/compiler.py", line 1063, in execute_sql', '  File "django/db/backends/base/base.py", line 255, in cursor', '  File "django/db/backends/base/base.py", line 232, in _cursor', '  File "django_dbconn_retry/__init__.py", line 71, in ensure_connection_with_retries', '  File "django_dbconn_retry/__init__.py", line 81, in ensure_connection_with_retries', '  File "django/db/utils.py", line 89, in __exit__', '  File "django_dbconn_retry/__init__.py", line 53, in ensure_connection_with_retries', '  File "django/db/backends/base/base.py", line 194, in connect', '  File "django/db/backends/postgresql/base.py", line 178, in get_new_connection', '  File "psycopg2/__init__.py", line 130, in connect']
[2019-09-11 22:32:49 +0000] [156] [INFO] Handling signal: term
[2019-09-11 22:32:49 +0000] [165] [INFO] Worker exiting (pid: 165)
[2019-09-11 22:32:50 +0000] [164] [INFO] Worker exiting (pid: 164)
[2019-09-11 22:32:50 +0000] [163] [INFO] Worker exiting (pid: 163)
b'[\'could not connect to server: Connection refused\\n\\tIs the server running on host "oj-postgres" (172.18.0.4) and accepting\\n\\tTCP/IP connections on port 5432?\\n\', \'  File "utils/api/api.py", line 149, in dispatch\', \'  File "django/views/generic/base.py", line 88, in dispatch\', \'  File "utils/api/api.py", line 181, in handle\', \'  File "conf/views.py", line 137, in post\', \'  File "options/options.py", line 67, in __get__\', \'  File "options/options.py", line 242, in judge_server_token\', \'  File "options/options.py", line 142, in _get_option\', \'  File "django/db/models/manager.py", line 82, in manager_method\', \'  File "django/db/models/query.py", line 393, in get\', \'  File "django/db/models/query.py", line 250, in __len__\', \'  File "django/db/models/query.py", line 1186, in _fetch_all\', \'  File "django/db/models/query.py", line 54, in __iter__\', \'  File "django/db/models/sql/compiler.py", line 1063, in execute_sql\', \'  File "django/db/backends/base/base.py", line 255, in cursor\', \'  File "django/db/backends/base/base.py", line 232, in _cursor\', \'  File "django_dbconn_retry/__init__.py", line 71, in ensure_connection_with_retries\', \'  File "django_dbconn_retry/__init__.py", line 81, in ensure_connection_with_retries\', \'  File "django/db/utils.py", line 89, in __exit__\', \'  File "django_dbconn_retry/__init__.py", line 53, in ensure_connection_with_retries\', \'  File "django/db/backends/base/base.py", line 194, in connect\', \'  File "django/db/backends/postgresql/base.py", line 178, in get_new_connection\', \'  File "psycopg2/__init__.py", line 130, in connect\']'
[2019-09-11 22:32:50 +0000] [166] [INFO] Worker exiting (pid: 166)
[2019-09-11 22:32:50 +0000] [156] [INFO] Shutting down: Master
[2019-09-11 22:33:00 +0000] [105] [INFO] Starting gunicorn 19.9.0
[2019-09-11 22:33:00 +0000] [105] [INFO] Listening at: http://127.0.0.1:8080 (105)
[2019-09-11 22:33:00 +0000] [105] [INFO] Using worker: threads
[2019-09-11 22:33:00 +0000] [112] [INFO] Booting worker with pid: 112
[2019-09-11 22:33:00 +0000] [113] [INFO] Booting worker with pid: 113
[2019-09-11 22:33:00 +0000] [114] [INFO] Booting worker with pid: 114
[2019-09-11 22:33:00 +0000] [115] [INFO] Booting worker with pid: 115
[2019-09-11 23:29:26 +0000] [105] [CRITICAL] WORKER TIMEOUT (pid:113)
[2019-09-11 23:29:26 +0000] [105] [CRITICAL] WORKER TIMEOUT (pid:115)
[2019-09-11 23:29:26 +0000] [115] [INFO] Worker exiting (pid: 115)
[2019-09-11 23:29:26 +0000] [113] [INFO] Worker exiting (pid: 113)
[2019-09-11 23:29:26 +0000] [2946] [INFO] Booting worker with pid: 2946
[2019-09-11 23:29:26 +0000] [2947] [INFO] Booting worker with pid: 2947
[2019-09-11 23:57:39 +0000] [105] [CRITICAL] WORKER TIMEOUT (pid:112)
[2019-09-11 23:57:39 +0000] [105] [CRITICAL] WORKER TIMEOUT (pid:114)
[2019-09-11 23:57:39 +0000] [105] [CRITICAL] WORKER TIMEOUT (pid:2946)
[2019-09-11 23:57:39 +0000] [112] [INFO] Worker exiting (pid: 112)
[2019-09-11 23:57:39 +0000] [114] [INFO] Worker exiting (pid: 114)
[2019-09-11 23:57:39 +0000] [2946] [INFO] Worker exiting (pid: 2946)
[2019-09-11 23:57:40 +0000] [3757] [INFO] Booting worker with pid: 3757
[2019-09-11 23:57:40 +0000] [3758] [INFO] Booting worker with pid: 3758
[2019-09-11 23:57:40 +0000] [3759] [INFO] Booting worker with pid: 3759
[2019-09-12 01:47:09 +0000] [105] [CRITICAL] WORKER TIMEOUT (pid:3758)
[2019-09-12 01:47:09 +0000] [105] [CRITICAL] WORKER TIMEOUT (pid:3759)
[2019-09-12 01:47:09 +0000] [3758] [INFO] Worker exiting (pid: 3758)
[2019-09-12 01:47:09 +0000] [3759] [INFO] Worker exiting (pid: 3759)
[2019-09-12 01:47:10 +0000] [10061] [INFO] Booting worker with pid: 10061
[2019-09-12 01:47:10 +0000] [10062] [INFO] Booting worker with pid: 10062
[2019-09-12 04:15:35 +0000] [105] [CRITICAL] WORKER TIMEOUT (pid:3757)
[2019-09-12 04:15:35 +0000] [3757] [INFO] Worker exiting (pid: 3757)
[2019-09-12 04:15:36 +0000] [16248] [INFO] Booting worker with pid: 16248
[2019-09-12 04:36:46 +0000] [105] [CRITICAL] WORKER TIMEOUT (pid:2947)
[2019-09-12 04:36:46 +0000] [105] [CRITICAL] WORKER TIMEOUT (pid:16248)
[2019-09-12 04:36:46 +0000] [2947] [INFO] Worker exiting (pid: 2947)
[2019-09-12 04:36:46 +0000] [16248] [INFO] Worker exiting (pid: 16248)
[2019-09-12 04:36:47 +0000] [16836] [INFO] Booting worker with pid: 16836
[2019-09-12 04:36:47 +0000] [16837] [INFO] Booting worker with pid: 16837
[2019-09-12 04:58:17 +0000] [105] [CRITICAL] WORKER TIMEOUT (pid:10062)
[2019-09-12 04:58:17 +0000] [10062] [INFO] Worker exiting (pid: 10062)
[2019-09-12 04:58:18 +0000] [17422] [INFO] Booting worker with pid: 17422
[2019-09-12 05:07:09 +0000] [105] [CRITICAL] WORKER TIMEOUT (pid:10061)
[2019-09-12 05:07:09 +0000] [105] [CRITICAL] WORKER TIMEOUT (pid:16836)
[2019-09-12 05:07:09 +0000] [105] [CRITICAL] WORKER TIMEOUT (pid:16837)
[2019-09-12 05:07:09 +0000] [105] [CRITICAL] WORKER TIMEOUT (pid:17422)
[2019-09-12 05:07:09 +0000] [10061] [INFO] Worker exiting (pid: 10061)
[2019-09-12 05:07:09 +0000] [17422] [INFO] Worker exiting (pid: 17422)
[2019-09-12 05:07:09 +0000] [16836] [INFO] Worker exiting (pid: 16836)
[2019-09-12 05:07:09 +0000] [16837] [INFO] Worker exiting (pid: 16837)
[2019-09-12 05:07:10 +0000] [17628] [INFO] Booting worker with pid: 17628
[2019-09-12 05:07:10 +0000] [17629] [INFO] Booting worker with pid: 17629
[2019-09-12 05:07:10 +0000] [17630] [INFO] Booting worker with pid: 17630
[2019-09-12 05:07:10 +0000] [17631] [INFO] Booting worker with pid: 17631
[2019-09-12 05:18:04 +0000] [105] [CRITICAL] WORKER TIMEOUT (pid:17628)
[2019-09-12 05:18:04 +0000] [105] [CRITICAL] WORKER TIMEOUT (pid:17630)
[2019-09-12 05:18:04 +0000] [105] [CRITICAL] WORKER TIMEOUT (pid:17631)
[2019-09-12 05:18:04 +0000] [17628] [INFO] Worker exiting (pid: 17628)
[2019-09-12 05:18:04 +0000] [17631] [INFO] Worker exiting (pid: 17631)
[2019-09-12 05:18:04 +0000] [17630] [INFO] Worker exiting (pid: 17630)
[2019-09-12 05:18:05 +0000] [18116] [INFO] Booting worker with pid: 18116
[2019-09-12 05:18:05 +0000] [18117] [INFO] Booting worker with pid: 18117
[2019-09-12 05:18:05 +0000] [18118] [INFO] Booting worker with pid: 18118
[2019-09-12 05:36:01 +0000] [105] [CRITICAL] WORKER TIMEOUT (pid:17629)
[2019-09-12 05:36:01 +0000] [17629] [INFO] Worker exiting (pid: 17629)
[2019-09-12 05:36:01 +0000] [18811] [INFO] Booting worker with pid: 18811
[2019-09-12 07:57:03 +0000] [105] [CRITICAL] WORKER TIMEOUT (pid:18116)
[2019-09-12 07:57:03 +0000] [105] [CRITICAL] WORKER TIMEOUT (pid:18811)
[2019-09-12 07:57:03 +0000] [18116] [INFO] Worker exiting (pid: 18116)
[2019-09-12 07:57:03 +0000] [18811] [INFO] Worker exiting (pid: 18811)
[2019-09-12 07:57:04 +0000] [19841] [INFO] Booting worker with pid: 19841
[2019-09-12 07:57:04 +0000] [19842] [INFO] Booting worker with pid: 19842
[2019-09-12 08:26:34 +0000] [105] [CRITICAL] WORKER TIMEOUT (pid:18117)
[2019-09-12 08:26:34 +0000] [105] [CRITICAL] WORKER TIMEOUT (pid:19842)
[2019-09-12 08:26:34 +0000] [18117] [INFO] Worker exiting (pid: 18117)
[2019-09-12 08:26:34 +0000] [19842] [INFO] Worker exiting (pid: 19842)
[2019-09-12 08:26:35 +0000] [21559] [INFO] Booting worker with pid: 21559
[2019-09-12 08:26:35 +0000] [21560] [INFO] Booting worker with pid: 21560
[2019-09-12 09:43:10 +0000] [105] [CRITICAL] WORKER TIMEOUT (pid:21560)
[2019-09-12 09:43:10 +0000] [21560] [INFO] Worker exiting (pid: 21560)
[2019-09-12 09:43:10 +0000] [22579] [INFO] Booting worker with pid: 22579
[2019-09-12 11:20:46 +0000] [105] [CRITICAL] WORKER TIMEOUT (pid:18118)
[2019-09-12 11:20:46 +0000] [18118] [INFO] Worker exiting (pid: 18118)
[2019-09-12 11:20:46 +0000] [26323] [INFO] Booting worker with pid: 26323
[2019-09-12 11:33:14 +0000] [105] [CRITICAL] WORKER TIMEOUT (pid:21559)
[2019-09-12 11:33:14 +0000] [21559] [INFO] Worker exiting (pid: 21559)
[2019-09-12 11:33:14 +0000] [26377] [INFO] Booting worker with pid: 26377
[2019-09-12 11:47:19 +0000] [105] [CRITICAL] WORKER TIMEOUT (pid:26323)
[2019-09-12 11:47:19 +0000] [105] [CRITICAL] WORKER TIMEOUT (pid:26377)
[2019-09-12 11:47:19 +0000] [26377] [INFO] Worker exiting (pid: 26377)
[2019-09-12 11:47:19 +0000] [26323] [INFO] Worker exiting (pid: 26323)
[2019-09-12 11:47:20 +0000] [26421] [INFO] Booting worker with pid: 26421
[2019-09-12 11:47:20 +0000] [26422] [INFO] Booting worker with pid: 26422
[2019-09-12 12:36:00 +0000] [105] [CRITICAL] WORKER TIMEOUT (pid:22579)
[2019-09-12 12:36:00 +0000] [105] [CRITICAL] WORKER TIMEOUT (pid:26421)
[2019-09-12 12:36:00 +0000] [105] [CRITICAL] WORKER TIMEOUT (pid:26422)
[2019-09-12 12:36:00 +0000] [22579] [INFO] Worker exiting (pid: 22579)
[2019-09-12 12:36:00 +0000] [26421] [INFO] Worker exiting (pid: 26421)
[2019-09-12 12:36:00 +0000] [26422] [INFO] Worker exiting (pid: 26422)
[2019-09-12 12:36:01 +0000] [27322] [INFO] Booting worker with pid: 27322
[2019-09-12 12:36:01 +0000] [27323] [INFO] Booting worker with pid: 27323
[2019-09-12 12:36:01 +0000] [27324] [INFO] Booting worker with pid: 27324
[2019-09-12 13:14:27 +0000] [105] [CRITICAL] WORKER TIMEOUT (pid:19841)
[2019-09-12 13:14:27 +0000] [19841] [INFO] Worker exiting (pid: 19841)
[2019-09-12 13:14:28 +0000] [27446] [INFO] Booting worker with pid: 27446
[2019-09-12 13:45:23 +0000] [105] [CRITICAL] WORKER TIMEOUT (pid:27322)
[2019-09-12 13:45:23 +0000] [105] [CRITICAL] WORKER TIMEOUT (pid:27323)
[2019-09-12 13:45:23 +0000] [27323] [INFO] Worker exiting (pid: 27323)
[2019-09-12 13:45:23 +0000] [27322] [INFO] Worker exiting (pid: 27322)
[2019-09-12 13:45:24 +0000] [27485] [INFO] Booting worker with pid: 27485
[2019-09-12 13:45:24 +0000] [27486] [INFO] Booting worker with pid: 27486
[2019-09-12 14:45:47 +0000] [105] [CRITICAL] WORKER TIMEOUT (pid:27324)
[2019-09-12 14:45:47 +0000] [105] [CRITICAL] WORKER TIMEOUT (pid:27446)
[2019-09-12 14:45:47 +0000] [105] [CRITICAL] WORKER TIMEOUT (pid:27485)
[2019-09-12 14:45:47 +0000] [27446] [INFO] Worker exiting (pid: 27446)
[2019-09-12 14:45:47 +0000] [27324] [INFO] Worker exiting (pid: 27324)
[2019-09-12 14:45:47 +0000] [27485] [INFO] Worker exiting (pid: 27485)
[2019-09-12 14:45:49 +0000] [29391] [INFO] Booting worker with pid: 29391
[2019-09-12 14:45:49 +0000] [29392] [INFO] Booting worker with pid: 29392
[2019-09-12 14:45:49 +0000] [29393] [INFO] Booting worker with pid: 29393
[2019-09-12 15:00:16 +0000] [105] [CRITICAL] WORKER TIMEOUT (pid:27486)
[2019-09-12 15:00:16 +0000] [27486] [INFO] Worker exiting (pid: 27486)
[2019-09-12 15:00:16 +0000] [29424] [INFO] Booting worker with pid: 29424
[2019-09-13 00:05:03 +0000] [126] [INFO] Starting gunicorn 19.9.0
[2019-09-13 00:05:03 +0000] [126] [INFO] Listening at: http://127.0.0.1:8080 (126)
[2019-09-13 00:05:03 +0000] [126] [INFO] Using worker: threads
[2019-09-13 00:05:03 +0000] [133] [INFO] Booting worker with pid: 133
[2019-09-13 00:05:03 +0000] [134] [INFO] Booting worker with pid: 134
[2019-09-13 00:05:03 +0000] [135] [INFO] Booting worker with pid: 135
[2019-09-13 00:05:03 +0000] [136] [INFO] Booting worker with pid: 136
[2019-09-13 00:59:52 +0000] [126] [CRITICAL] WORKER TIMEOUT (pid:136)
[2019-09-13 00:59:52 +0000] [136] [INFO] Worker exiting (pid: 136)
[2019-09-13 00:59:52 +0000] [3728] [INFO] Booting worker with pid: 3728
[2019-09-13 02:42:23 +0000] [126] [CRITICAL] WORKER TIMEOUT (pid:133)
[2019-09-13 02:42:23 +0000] [126] [CRITICAL] WORKER TIMEOUT (pid:134)
[2019-09-13 02:42:23 +0000] [126] [CRITICAL] WORKER TIMEOUT (pid:135)
[2019-09-13 02:42:23 +0000] [126] [CRITICAL] WORKER TIMEOUT (pid:3728)
[2019-09-13 02:42:23 +0000] [133] [INFO] Worker exiting (pid: 133)
[2019-09-13 02:42:23 +0000] [134] [INFO] Worker exiting (pid: 134)
[2019-09-13 02:42:23 +0000] [3728] [INFO] Worker exiting (pid: 3728)
[2019-09-13 02:42:23 +0000] [135] [INFO] Worker exiting (pid: 135)
[2019-09-13 02:42:24 +0000] [5056] [INFO] Booting worker with pid: 5056
[2019-09-13 02:42:24 +0000] [5057] [INFO] Booting worker with pid: 5057
[2019-09-13 02:42:24 +0000] [5058] [INFO] Booting worker with pid: 5058
[2019-09-13 02:42:24 +0000] [5059] [INFO] Booting worker with pid: 5059
[2019-09-13 03:26:36 +0000] [126] [CRITICAL] WORKER TIMEOUT (pid:5057)
[2019-09-13 03:26:36 +0000] [5057] [INFO] Worker exiting (pid: 5057)
[2019-09-13 03:26:37 +0000] [6655] [INFO] Booting worker with pid: 6655
[2019-09-13 05:26:54 +0000] [126] [CRITICAL] WORKER TIMEOUT (pid:5059)
[2019-09-13 05:26:54 +0000] [126] [CRITICAL] WORKER TIMEOUT (pid:6655)
[2019-09-13 05:26:54 +0000] [5059] [INFO] Worker exiting (pid: 5059)
[2019-09-13 05:26:54 +0000] [6655] [INFO] Worker exiting (pid: 6655)
[2019-09-13 05:26:54 +0000] [11940] [INFO] Booting worker with pid: 11940
[2019-09-13 05:26:54 +0000] [11941] [INFO] Booting worker with pid: 11941
[2019-09-13 09:42:44 +0000] [126] [CRITICAL] WORKER TIMEOUT (pid:5056)
[2019-09-13 09:42:44 +0000] [126] [CRITICAL] WORKER TIMEOUT (pid:11941)
[2019-09-13 09:42:44 +0000] [11941] [INFO] Worker exiting (pid: 11941)
[2019-09-13 09:42:44 +0000] [5056] [INFO] Worker exiting (pid: 5056)
[2019-09-13 09:42:45 +0000] [24423] [INFO] Booting worker with pid: 24423
[2019-09-13 09:42:45 +0000] [24424] [INFO] Booting worker with pid: 24424
[2019-09-13 10:56:19 +0000] [126] [CRITICAL] WORKER TIMEOUT (pid:5058)
[2019-09-13 10:56:19 +0000] [126] [CRITICAL] WORKER TIMEOUT (pid:11940)
[2019-09-13 10:56:19 +0000] [126] [CRITICAL] WORKER TIMEOUT (pid:24423)
[2019-09-13 10:56:19 +0000] [126] [CRITICAL] WORKER TIMEOUT (pid:24424)
[2019-09-13 10:56:19 +0000] [5058] [INFO] Worker exiting (pid: 5058)
[2019-09-13 10:56:19 +0000] [24423] [INFO] Worker exiting (pid: 24423)
[2019-09-13 10:56:19 +0000] [24424] [INFO] Worker exiting (pid: 24424)
[2019-09-13 10:56:19 +0000] [11940] [INFO] Worker exiting (pid: 11940)
[2019-09-13 10:56:20 +0000] [28928] [INFO] Booting worker with pid: 28928
[2019-09-13 10:56:20 +0000] [28929] [INFO] Booting worker with pid: 28929
[2019-09-13 10:56:20 +0000] [28930] [INFO] Booting worker with pid: 28930
[2019-09-13 10:56:20 +0000] [28931] [INFO] Booting worker with pid: 28931
[2019-09-13 12:27:47 +0000] [126] [CRITICAL] WORKER TIMEOUT (pid:28928)
[2019-09-13 12:27:47 +0000] [126] [CRITICAL] WORKER TIMEOUT (pid:28929)
[2019-09-13 12:27:47 +0000] [126] [CRITICAL] WORKER TIMEOUT (pid:28930)
[2019-09-13 12:27:47 +0000] [126] [CRITICAL] WORKER TIMEOUT (pid:28931)
[2019-09-13 12:27:47 +0000] [28928] [INFO] Worker exiting (pid: 28928)
[2019-09-13 12:27:47 +0000] [28930] [INFO] Worker exiting (pid: 28930)
[2019-09-13 12:27:47 +0000] [28929] [INFO] Worker exiting (pid: 28929)
[2019-09-13 12:27:47 +0000] [28931] [INFO] Worker exiting (pid: 28931)
[2019-09-13 12:27:47 +0000] [32898] [INFO] Booting worker with pid: 32898
[2019-09-13 12:27:47 +0000] [32899] [INFO] Booting worker with pid: 32899
[2019-09-13 12:27:47 +0000] [32900] [INFO] Booting worker with pid: 32900
[2019-09-13 12:27:47 +0000] [32901] [INFO] Booting worker with pid: 32901
[2019-09-13 12:37:04 +0000] [126] [CRITICAL] WORKER TIMEOUT (pid:32898)
[2019-09-13 12:37:04 +0000] [126] [CRITICAL] WORKER TIMEOUT (pid:32899)
[2019-09-13 12:37:04 +0000] [32899] [INFO] Worker exiting (pid: 32899)
[2019-09-13 12:37:04 +0000] [32898] [INFO] Worker exiting (pid: 32898)
[2019-09-13 12:37:05 +0000] [32942] [INFO] Booting worker with pid: 32942
[2019-09-13 12:37:05 +0000] [32950] [INFO] Booting worker with pid: 32950
[2019-09-13 12:53:20 +0000] [126] [CRITICAL] WORKER TIMEOUT (pid:32900)
[2019-09-13 12:53:20 +0000] [126] [CRITICAL] WORKER TIMEOUT (pid:32942)
[2019-09-13 12:53:20 +0000] [32900] [INFO] Worker exiting (pid: 32900)
[2019-09-13 12:53:20 +0000] [32942] [INFO] Worker exiting (pid: 32942)
[2019-09-13 12:53:21 +0000] [33469] [INFO] Booting worker with pid: 33469
[2019-09-13 12:53:21 +0000] [33478] [INFO] Booting worker with pid: 33478
[2019-09-13 14:51:44 +0000] [126] [CRITICAL] WORKER TIMEOUT (pid:32901)
[2019-09-13 14:51:44 +0000] [126] [CRITICAL] WORKER TIMEOUT (pid:32950)
[2019-09-13 14:51:44 +0000] [126] [CRITICAL] WORKER TIMEOUT (pid:33478)
[2019-09-13 14:51:44 +0000] [32901] [INFO] Worker exiting (pid: 32901)
[2019-09-13 14:51:44 +0000] [33478] [INFO] Worker exiting (pid: 33478)
[2019-09-13 14:51:44 +0000] [32950] [INFO] Worker exiting (pid: 32950)
[2019-09-13 14:51:45 +0000] [35159] [INFO] Booting worker with pid: 35159
[2019-09-13 14:51:45 +0000] [35160] [INFO] Booting worker with pid: 35160
[2019-09-13 14:51:45 +0000] [35161] [INFO] Booting worker with pid: 35161
[2019-09-13 15:11:33 +0000] [126] [CRITICAL] WORKER TIMEOUT (pid:33469)
[2019-09-13 15:11:33 +0000] [126] [CRITICAL] WORKER TIMEOUT (pid:35160)
[2019-09-13 15:11:33 +0000] [33469] [INFO] Worker exiting (pid: 33469)
[2019-09-13 15:11:33 +0000] [35160] [INFO] Worker exiting (pid: 35160)
[2019-09-13 15:11:34 +0000] [35225] [INFO] Booting worker with pid: 35225
[2019-09-13 15:11:34 +0000] [35226] [INFO] Booting worker with pid: 35226
[2019-09-13 15:16:31 +0000] [126] [CRITICAL] WORKER TIMEOUT (pid:35159)
[2019-09-13 15:16:31 +0000] [126] [CRITICAL] WORKER TIMEOUT (pid:35226)
[2019-09-13 15:16:31 +0000] [35226] [INFO] Worker exiting (pid: 35226)
[2019-09-13 15:16:31 +0000] [35159] [INFO] Worker exiting (pid: 35159)
[2019-09-13 15:16:31 +0000] [35388] [INFO] Booting worker with pid: 35388
[2019-09-13 15:16:31 +0000] [35389] [INFO] Booting worker with pid: 35389
[2019-09-13 23:58:52 +0000] [126] [INFO] Starting gunicorn 19.9.0
[2019-09-13 23:58:52 +0000] [126] [INFO] Listening at: http://127.0.0.1:8080 (126)
[2019-09-13 23:58:52 +0000] [126] [INFO] Using worker: threads
[2019-09-13 23:58:52 +0000] [133] [INFO] Booting worker with pid: 133
[2019-09-13 23:58:52 +0000] [134] [INFO] Booting worker with pid: 134
[2019-09-13 23:58:52 +0000] [135] [INFO] Booting worker with pid: 135
[2019-09-13 23:58:52 +0000] [136] [INFO] Booting worker with pid: 136
[2019-09-14 00:45:05 +0000] [126] [CRITICAL] WORKER TIMEOUT (pid:134)
[2019-09-14 00:45:05 +0000] [126] [CRITICAL] WORKER TIMEOUT (pid:135)
[2019-09-14 00:45:05 +0000] [126] [CRITICAL] WORKER TIMEOUT (pid:136)
[2019-09-14 00:45:05 +0000] [135] [INFO] Worker exiting (pid: 135)
[2019-09-14 00:45:05 +0000] [134] [INFO] Worker exiting (pid: 134)
[2019-09-14 00:45:05 +0000] [136] [INFO] Worker exiting (pid: 136)
[2019-09-14 00:45:05 +0000] [3086] [INFO] Booting worker with pid: 3086
[2019-09-14 00:45:05 +0000] [3087] [INFO] Booting worker with pid: 3087
[2019-09-14 00:45:05 +0000] [3088] [INFO] Booting worker with pid: 3088
[2019-09-14 00:53:33 +0000] [126] [CRITICAL] WORKER TIMEOUT (pid:133)
[2019-09-14 00:53:33 +0000] [126] [CRITICAL] WORKER TIMEOUT (pid:3086)
[2019-09-14 00:53:33 +0000] [133] [INFO] Worker exiting (pid: 133)
[2019-09-14 00:53:33 +0000] [3086] [INFO] Worker exiting (pid: 3086)
[2019-09-14 00:53:34 +0000] [3336] [INFO] Booting worker with pid: 3336
[2019-09-14 00:53:34 +0000] [3337] [INFO] Booting worker with pid: 3337
[2019-09-14 00:56:31 +0000] [126] [INFO] Handling signal: term
[2019-09-14 00:56:31 +0000] [3337] [INFO] Worker exiting (pid: 3337)
[2019-09-14 00:56:31 +0000] [3087] [INFO] Worker exiting (pid: 3087)
[2019-09-14 00:56:31 +0000] [3336] [INFO] Worker exiting (pid: 3336)
[2019-09-14 00:56:32 +0000] [3088] [INFO] Worker exiting (pid: 3088)
[2019-09-14 00:56:32 +0000] [126] [INFO] Shutting down: Master
[2019-09-14 02:03:41 +0000] [124] [INFO] Starting gunicorn 19.9.0
[2019-09-14 02:03:41 +0000] [124] [INFO] Listening at: http://127.0.0.1:8080 (124)
[2019-09-14 02:03:41 +0000] [124] [INFO] Using worker: threads
[2019-09-14 02:03:41 +0000] [131] [INFO] Booting worker with pid: 131
[2019-09-14 02:03:41 +0000] [132] [INFO] Booting worker with pid: 132
[2019-09-14 02:03:41 +0000] [133] [INFO] Booting worker with pid: 133
[2019-09-14 02:03:41 +0000] [134] [INFO] Booting worker with pid: 134
[2019-09-14 02:20:49 +0000] [124] [CRITICAL] WORKER TIMEOUT (pid:131)
[2019-09-14 02:20:49 +0000] [124] [CRITICAL] WORKER TIMEOUT (pid:132)
[2019-09-14 02:20:49 +0000] [124] [CRITICAL] WORKER TIMEOUT (pid:133)
[2019-09-14 02:20:49 +0000] [124] [CRITICAL] WORKER TIMEOUT (pid:134)
[2019-09-14 02:20:49 +0000] [131] [INFO] Worker exiting (pid: 131)
[2019-09-14 02:20:49 +0000] [134] [INFO] Worker exiting (pid: 134)
[2019-09-14 02:20:49 +0000] [133] [INFO] Worker exiting (pid: 133)
[2019-09-14 02:20:49 +0000] [132] [INFO] Worker exiting (pid: 132)
[2019-09-14 02:20:50 +0000] [735] [INFO] Booting worker with pid: 735
[2019-09-14 02:20:50 +0000] [736] [INFO] Booting worker with pid: 736
[2019-09-14 02:20:50 +0000] [737] [INFO] Booting worker with pid: 737
[2019-09-14 02:20:50 +0000] [738] [INFO] Booting worker with pid: 738
[2019-09-14 03:15:49 +0000] [124] [CRITICAL] WORKER TIMEOUT (pid:735)
[2019-09-14 03:15:49 +0000] [124] [CRITICAL] WORKER TIMEOUT (pid:737)
[2019-09-14 03:15:49 +0000] [737] [INFO] Worker exiting (pid: 737)
[2019-09-14 03:15:49 +0000] [735] [INFO] Worker exiting (pid: 735)
[2019-09-14 03:15:49 +0000] [2888] [INFO] Booting worker with pid: 2888
[2019-09-14 03:15:49 +0000] [2889] [INFO] Booting worker with pid: 2889
[2019-09-14 03:17:28 +0000] [124] [CRITICAL] WORKER TIMEOUT (pid:2888)
[2019-09-14 03:17:28 +0000] [124] [CRITICAL] WORKER TIMEOUT (pid:2889)
[2019-09-14 03:17:28 +0000] [2888] [INFO] Worker exiting (pid: 2888)
[2019-09-14 03:17:28 +0000] [2889] [INFO] Worker exiting (pid: 2889)
[2019-09-14 03:17:29 +0000] [2903] [INFO] Booting worker with pid: 2903
[2019-09-14 03:17:29 +0000] [2904] [INFO] Booting worker with pid: 2904
[2019-09-14 03:50:41 +0000] [124] [CRITICAL] WORKER TIMEOUT (pid:736)
[2019-09-14 03:50:41 +0000] [124] [CRITICAL] WORKER TIMEOUT (pid:738)
[2019-09-14 03:50:41 +0000] [124] [CRITICAL] WORKER TIMEOUT (pid:2903)
[2019-09-14 03:50:41 +0000] [124] [CRITICAL] WORKER TIMEOUT (pid:2904)
[2019-09-14 03:50:41 +0000] [738] [INFO] Worker exiting (pid: 738)
[2019-09-14 03:50:41 +0000] [736] [INFO] Worker exiting (pid: 736)
[2019-09-14 03:50:41 +0000] [2904] [INFO] Worker exiting (pid: 2904)
[2019-09-14 03:50:41 +0000] [2903] [INFO] Worker exiting (pid: 2903)
[2019-09-14 03:50:42 +0000] [3978] [INFO] Booting worker with pid: 3978
[2019-09-14 03:50:42 +0000] [3979] [INFO] Booting worker with pid: 3979
[2019-09-14 03:50:42 +0000] [3980] [INFO] Booting worker with pid: 3980
[2019-09-14 03:50:42 +0000] [3981] [INFO] Booting worker with pid: 3981
[2019-09-14 04:29:24 +0000] [124] [CRITICAL] WORKER TIMEOUT (pid:3979)
[2019-09-14 04:29:24 +0000] [3979] [INFO] Worker exiting (pid: 3979)
[2019-09-14 04:29:24 +0000] [4719] [INFO] Booting worker with pid: 4719
[2019-09-14 04:31:06 +0000] [124] [CRITICAL] WORKER TIMEOUT (pid:3978)
[2019-09-14 04:31:06 +0000] [3978] [INFO] Worker exiting (pid: 3978)
[2019-09-14 04:31:07 +0000] [4789] [INFO] Booting worker with pid: 4789
[2019-09-14 05:16:45 +0000] [124] [CRITICAL] WORKER TIMEOUT (pid:3981)
[2019-09-14 05:16:45 +0000] [3981] [INFO] Worker exiting (pid: 3981)
[2019-09-14 05:16:46 +0000] [5547] [INFO] Booting worker with pid: 5547
[2019-09-14 06:38:11 +0000] [124] [CRITICAL] WORKER TIMEOUT (pid:3980)
[2019-09-14 06:38:11 +0000] [124] [CRITICAL] WORKER TIMEOUT (pid:4719)
[2019-09-14 06:38:11 +0000] [124] [CRITICAL] WORKER TIMEOUT (pid:4789)
[2019-09-14 06:38:11 +0000] [3980] [INFO] Worker exiting (pid: 3980)
[2019-09-14 06:38:11 +0000] [124] [CRITICAL] WORKER TIMEOUT (pid:5547)
[2019-09-14 06:38:11 +0000] [4719] [INFO] Worker exiting (pid: 4719)
[2019-09-14 06:38:11 +0000] [4789] [INFO] Worker exiting (pid: 4789)
[2019-09-14 06:38:11 +0000] [5547] [INFO] Worker exiting (pid: 5547)
[2019-09-14 06:38:11 +0000] [5654] [INFO] Booting worker with pid: 5654
[2019-09-14 06:38:11 +0000] [5655] [INFO] Booting worker with pid: 5655
[2019-09-14 06:38:11 +0000] [5656] [INFO] Booting worker with pid: 5656
[2019-09-14 06:38:11 +0000] [5657] [INFO] Booting worker with pid: 5657
[2019-09-14 06:57:33 +0000] [124] [CRITICAL] WORKER TIMEOUT (pid:5654)
[2019-09-14 06:57:33 +0000] [124] [CRITICAL] WORKER TIMEOUT (pid:5656)
[2019-09-14 06:57:33 +0000] [5656] [INFO] Worker exiting (pid: 5656)
[2019-09-14 06:57:33 +0000] [5654] [INFO] Worker exiting (pid: 5654)
[2019-09-14 06:57:33 +0000] [6406] [INFO] Booting worker with pid: 6406
[2019-09-14 06:57:33 +0000] [6407] [INFO] Booting worker with pid: 6407
[2019-09-14 07:16:46 +0000] [124] [CRITICAL] WORKER TIMEOUT (pid:6407)
[2019-09-14 07:16:46 +0000] [6407] [INFO] Worker exiting (pid: 6407)
[2019-09-14 07:16:47 +0000] [6961] [INFO] Booting worker with pid: 6961
[2019-09-14 07:36:45 +0000] [124] [CRITICAL] WORKER TIMEOUT (pid:5655)
[2019-09-14 07:36:45 +0000] [124] [CRITICAL] WORKER TIMEOUT (pid:5657)
[2019-09-14 07:36:45 +0000] [5655] [INFO] Worker exiting (pid: 5655)
[2019-09-14 07:36:45 +0000] [124] [CRITICAL] WORKER TIMEOUT (pid:6406)
[2019-09-14 07:36:45 +0000] [5657] [INFO] Worker exiting (pid: 5657)
[2019-09-14 07:36:45 +0000] [6406] [INFO] Worker exiting (pid: 6406)
[2019-09-14 07:36:45 +0000] [7542] [INFO] Booting worker with pid: 7542
[2019-09-14 07:36:45 +0000] [7543] [INFO] Booting worker with pid: 7543
[2019-09-14 07:36:45 +0000] [7544] [INFO] Booting worker with pid: 7544
[2019-09-14 07:49:13 +0000] [124] [INFO] Handling signal: term
[2019-09-14 07:49:14 +0000] [7542] [INFO] Worker exiting (pid: 7542)
[2019-09-14 07:49:14 +0000] [6961] [INFO] Worker exiting (pid: 6961)
[2019-09-14 07:49:14 +0000] [7543] [INFO] Worker exiting (pid: 7543)
[2019-09-14 07:49:14 +0000] [7544] [INFO] Worker exiting (pid: 7544)
[2019-09-14 07:49:15 +0000] [124] [INFO] Shutting down: Master
[2019-09-14 07:53:37 +0000] [124] [INFO] Starting gunicorn 19.9.0
[2019-09-14 07:53:37 +0000] [124] [INFO] Listening at: http://127.0.0.1:8080 (124)
[2019-09-14 07:53:37 +0000] [124] [INFO] Using worker: threads
[2019-09-14 07:53:37 +0000] [131] [INFO] Booting worker with pid: 131
[2019-09-14 07:53:37 +0000] [132] [INFO] Booting worker with pid: 132
[2019-09-14 07:53:37 +0000] [133] [INFO] Booting worker with pid: 133
[2019-09-14 07:53:37 +0000] [134] [INFO] Booting worker with pid: 134
[2019-09-14 09:39:52 +0000] [124] [CRITICAL] WORKER TIMEOUT (pid:131)
[2019-09-14 09:39:52 +0000] [124] [CRITICAL] WORKER TIMEOUT (pid:132)
[2019-09-14 09:39:52 +0000] [124] [CRITICAL] WORKER TIMEOUT (pid:133)
[2019-09-14 09:39:52 +0000] [124] [CRITICAL] WORKER TIMEOUT (pid:134)
[2019-09-14 09:39:52 +0000] [133] [INFO] Worker exiting (pid: 133)
[2019-09-14 09:39:52 +0000] [131] [INFO] Worker exiting (pid: 131)
[2019-09-14 09:39:52 +0000] [132] [INFO] Worker exiting (pid: 132)
[2019-09-14 09:39:52 +0000] [134] [INFO] Worker exiting (pid: 134)
[2019-09-14 09:39:53 +0000] [2161] [INFO] Booting worker with pid: 2161
[2019-09-14 09:39:53 +0000] [2162] [INFO] Booting worker with pid: 2162
[2019-09-14 09:39:53 +0000] [2163] [INFO] Booting worker with pid: 2163
[2019-09-14 09:39:53 +0000] [2164] [INFO] Booting worker with pid: 2164
[2019-09-14 12:43:12 +0000] [124] [CRITICAL] WORKER TIMEOUT (pid:2162)
[2019-09-14 12:43:12 +0000] [124] [CRITICAL] WORKER TIMEOUT (pid:2163)
[2019-09-14 12:43:12 +0000] [2162] [INFO] Worker exiting (pid: 2162)
[2019-09-14 12:43:12 +0000] [2163] [INFO] Worker exiting (pid: 2163)
[2019-09-14 12:43:13 +0000] [4287] [INFO] Booting worker with pid: 4287
[2019-09-14 12:43:13 +0000] [4288] [INFO] Booting worker with pid: 4288
[2019-09-14 13:16:19 +0000] [124] [CRITICAL] WORKER TIMEOUT (pid:2161)
[2019-09-14 13:16:19 +0000] [124] [CRITICAL] WORKER TIMEOUT (pid:2164)
[2019-09-14 13:16:19 +0000] [2161] [INFO] Worker exiting (pid: 2161)
[2019-09-14 13:16:19 +0000] [2164] [INFO] Worker exiting (pid: 2164)
[2019-09-14 13:16:20 +0000] [5741] [INFO] Booting worker with pid: 5741
[2019-09-14 13:16:20 +0000] [5742] [INFO] Booting worker with pid: 5742
[2019-09-14 13:32:55 +0000] [124] [CRITICAL] WORKER TIMEOUT (pid:5742)
[2019-09-14 13:32:55 +0000] [5742] [INFO] Worker exiting (pid: 5742)
[2019-09-14 13:32:56 +0000] [6076] [INFO] Booting worker with pid: 6076
[2019-09-14 14:14:07 +0000] [124] [CRITICAL] WORKER TIMEOUT (pid:4287)
[2019-09-14 14:14:07 +0000] [124] [CRITICAL] WORKER TIMEOUT (pid:4288)
[2019-09-14 14:14:07 +0000] [4287] [INFO] Worker exiting (pid: 4287)
[2019-09-14 14:14:07 +0000] [4288] [INFO] Worker exiting (pid: 4288)
[2019-09-14 14:14:08 +0000] [7568] [INFO] Booting worker with pid: 7568
[2019-09-14 14:14:08 +0000] [7569] [INFO] Booting worker with pid: 7569
[2019-09-14 23:45:43 +0000] [125] [INFO] Starting gunicorn 19.9.0
[2019-09-14 23:45:43 +0000] [125] [INFO] Listening at: http://127.0.0.1:8080 (125)
[2019-09-14 23:45:43 +0000] [125] [INFO] Using worker: threads
[2019-09-14 23:45:43 +0000] [132] [INFO] Booting worker with pid: 132
[2019-09-14 23:45:43 +0000] [133] [INFO] Booting worker with pid: 133
[2019-09-14 23:45:44 +0000] [134] [INFO] Booting worker with pid: 134
[2019-09-14 23:45:44 +0000] [135] [INFO] Booting worker with pid: 135
[2019-09-15 02:16:58 +0000] [125] [CRITICAL] WORKER TIMEOUT (pid:132)
[2019-09-15 02:16:58 +0000] [125] [CRITICAL] WORKER TIMEOUT (pid:135)
[2019-09-15 02:16:58 +0000] [135] [INFO] Worker exiting (pid: 135)
[2019-09-15 02:16:58 +0000] [132] [INFO] Worker exiting (pid: 132)
[2019-09-15 02:16:58 +0000] [7655] [INFO] Booting worker with pid: 7655
[2019-09-15 02:16:58 +0000] [7657] [INFO] Booting worker with pid: 7657
[2019-09-15 02:46:33 +0000] [125] [CRITICAL] WORKER TIMEOUT (pid:134)
[2019-09-15 02:46:33 +0000] [134] [INFO] Worker exiting (pid: 134)
[2019-09-15 02:46:33 +0000] [125] [CRITICAL] WORKER TIMEOUT (pid:7655)
[2019-09-15 02:46:33 +0000] [125] [CRITICAL] WORKER TIMEOUT (pid:7657)
[2019-09-15 02:46:33 +0000] [7657] [INFO] Worker exiting (pid: 7657)
[2019-09-15 02:46:33 +0000] [7655] [INFO] Worker exiting (pid: 7655)
[2019-09-15 02:46:33 +0000] [7709] [INFO] Booting worker with pid: 7709
[2019-09-15 02:46:33 +0000] [7710] [INFO] Booting worker with pid: 7710
[2019-09-15 02:46:33 +0000] [7711] [INFO] Booting worker with pid: 7711
[2019-09-15 03:47:02 +0000] [125] [INFO] Handling signal: term
[2019-09-15 03:47:02 +0000] [7711] [INFO] Worker exiting (pid: 7711)
[2019-09-15 03:47:03 +0000] [7710] [INFO] Worker exiting (pid: 7710)
[2019-09-15 03:47:03 +0000] [133] [INFO] Worker exiting (pid: 133)
[2019-09-15 03:47:03 +0000] [7709] [INFO] Worker exiting (pid: 7709)
[2019-09-15 03:47:04 +0000] [125] [INFO] Shutting down: Master
[2019-09-15 03:47:13 +0000] [106] [INFO] Starting gunicorn 19.9.0
[2019-09-15 03:47:13 +0000] [106] [INFO] Listening at: http://127.0.0.1:8080 (106)
[2019-09-15 03:47:13 +0000] [106] [INFO] Using worker: threads
[2019-09-15 03:47:13 +0000] [113] [INFO] Booting worker with pid: 113
[2019-09-15 03:47:13 +0000] [114] [INFO] Booting worker with pid: 114
[2019-09-15 03:47:13 +0000] [115] [INFO] Booting worker with pid: 115
[2019-09-15 03:47:13 +0000] [116] [INFO] Booting worker with pid: 116
[2019-09-15 04:54:27 +0000] [106] [CRITICAL] WORKER TIMEOUT (pid:113)
[2019-09-15 04:54:27 +0000] [113] [INFO] Worker exiting (pid: 113)
[2019-09-15 04:54:27 +0000] [2384] [INFO] Booting worker with pid: 2384
[2019-09-15 05:48:35 +0000] [106] [CRITICAL] WORKER TIMEOUT (pid:114)
[2019-09-15 05:48:35 +0000] [106] [CRITICAL] WORKER TIMEOUT (pid:116)
[2019-09-15 05:48:35 +0000] [114] [INFO] Worker exiting (pid: 114)
[2019-09-15 05:48:35 +0000] [106] [CRITICAL] WORKER TIMEOUT (pid:2384)
[2019-09-15 05:48:35 +0000] [116] [INFO] Worker exiting (pid: 116)
[2019-09-15 05:48:35 +0000] [2384] [INFO] Worker exiting (pid: 2384)
[2019-09-15 05:48:35 +0000] [2449] [INFO] Booting worker with pid: 2449
[2019-09-15 05:48:35 +0000] [2450] [INFO] Booting worker with pid: 2450
[2019-09-15 05:48:35 +0000] [2451] [INFO] Booting worker with pid: 2451
[2019-09-15 06:46:33 +0000] [106] [CRITICAL] WORKER TIMEOUT (pid:115)
[2019-09-15 06:46:33 +0000] [106] [CRITICAL] WORKER TIMEOUT (pid:2449)
[2019-09-15 06:46:33 +0000] [106] [CRITICAL] WORKER TIMEOUT (pid:2451)
[2019-09-15 06:46:33 +0000] [115] [INFO] Worker exiting (pid: 115)
[2019-09-15 06:46:33 +0000] [2449] [INFO] Worker exiting (pid: 2449)
[2019-09-15 06:46:33 +0000] [2451] [INFO] Worker exiting (pid: 2451)
[2019-09-15 06:46:33 +0000] [2496] [INFO] Booting worker with pid: 2496
[2019-09-15 06:46:33 +0000] [2497] [INFO] Booting worker with pid: 2497
[2019-09-15 06:46:33 +0000] [2498] [INFO] Booting worker with pid: 2498
[2019-09-15 09:49:21 +0000] [106] [CRITICAL] WORKER TIMEOUT (pid:2450)
[2019-09-15 09:49:21 +0000] [106] [CRITICAL] WORKER TIMEOUT (pid:2497)
[2019-09-15 09:49:21 +0000] [106] [CRITICAL] WORKER TIMEOUT (pid:2498)
[2019-09-15 09:49:21 +0000] [2450] [INFO] Worker exiting (pid: 2450)
[2019-09-15 09:49:21 +0000] [2497] [INFO] Worker exiting (pid: 2497)
[2019-09-15 09:49:21 +0000] [2498] [INFO] Worker exiting (pid: 2498)
[2019-09-15 09:49:21 +0000] [8700] [INFO] Booting worker with pid: 8700
[2019-09-15 09:49:21 +0000] [8701] [INFO] Booting worker with pid: 8701
[2019-09-15 09:49:21 +0000] [8702] [INFO] Booting worker with pid: 8702
[2019-09-15 10:28:30 +0000] [106] [CRITICAL] WORKER TIMEOUT (pid:8702)
[2019-09-15 10:28:30 +0000] [8702] [INFO] Worker exiting (pid: 8702)
[2019-09-15 10:28:30 +0000] [106] [CRITICAL] WORKER TIMEOUT (pid:8700)
[2019-09-15 10:28:30 +0000] [106] [CRITICAL] WORKER TIMEOUT (pid:8701)
[2019-09-15 10:28:30 +0000] [8700] [INFO] Worker exiting (pid: 8700)
[2019-09-15 10:28:30 +0000] [8744] [INFO] Booting worker with pid: 8744
[2019-09-15 10:28:30 +0000] [8701] [INFO] Worker exiting (pid: 8701)
[2019-09-15 10:28:30 +0000] [8745] [INFO] Booting worker with pid: 8745
[2019-09-15 10:28:30 +0000] [8746] [INFO] Booting worker with pid: 8746
[2019-09-15 13:23:54 +0000] [106] [CRITICAL] WORKER TIMEOUT (pid:8744)
[2019-09-15 13:23:54 +0000] [8744] [INFO] Worker exiting (pid: 8744)
[2019-09-15 13:23:54 +0000] [18013] [INFO] Booting worker with pid: 18013
[2019-09-15 13:26:51 +0000] [106] [CRITICAL] WORKER TIMEOUT (pid:8746)
[2019-09-15 13:26:51 +0000] [106] [CRITICAL] WORKER TIMEOUT (pid:18013)
[2019-09-15 13:26:51 +0000] [8746] [INFO] Worker exiting (pid: 8746)
[2019-09-15 13:26:51 +0000] [18013] [INFO] Worker exiting (pid: 18013)
[2019-09-15 13:26:52 +0000] [18064] [INFO] Booting worker with pid: 18064
[2019-09-15 13:26:52 +0000] [18065] [INFO] Booting worker with pid: 18065
[2019-09-15 23:18:25 +0000] [124] [INFO] Starting gunicorn 19.9.0
[2019-09-15 23:18:25 +0000] [124] [INFO] Listening at: http://127.0.0.1:8080 (124)
[2019-09-15 23:18:25 +0000] [124] [INFO] Using worker: threads
[2019-09-15 23:18:25 +0000] [131] [INFO] Booting worker with pid: 131
[2019-09-15 23:18:25 +0000] [132] [INFO] Booting worker with pid: 132
[2019-09-15 23:18:25 +0000] [133] [INFO] Booting worker with pid: 133
[2019-09-15 23:18:25 +0000] [134] [INFO] Booting worker with pid: 134
[2019-09-15 23:34:35 +0000] [124] [CRITICAL] WORKER TIMEOUT (pid:133)
[2019-09-15 23:34:35 +0000] [133] [INFO] Worker exiting (pid: 133)
[2019-09-15 23:34:35 +0000] [308] [INFO] Booting worker with pid: 308
[2019-09-16 01:24:30 +0000] [124] [CRITICAL] WORKER TIMEOUT (pid:131)
[2019-09-16 01:24:30 +0000] [124] [CRITICAL] WORKER TIMEOUT (pid:134)
[2019-09-16 01:24:30 +0000] [124] [CRITICAL] WORKER TIMEOUT (pid:308)
[2019-09-16 01:24:30 +0000] [131] [INFO] Worker exiting (pid: 131)
[2019-09-16 01:24:30 +0000] [134] [INFO] Worker exiting (pid: 134)
[2019-09-16 01:24:30 +0000] [308] [INFO] Worker exiting (pid: 308)
[2019-09-16 01:24:31 +0000] [6918] [INFO] Booting worker with pid: 6918
[2019-09-16 01:24:31 +0000] [6919] [INFO] Booting worker with pid: 6919
[2019-09-16 01:24:31 +0000] [6920] [INFO] Booting worker with pid: 6920
[2019-09-16 01:28:10 +0000] [124] [CRITICAL] WORKER TIMEOUT (pid:6919)
[2019-09-16 01:28:10 +0000] [6919] [INFO] Worker exiting (pid: 6919)
[2019-09-16 01:28:11 +0000] [6972] [INFO] Booting worker with pid: 6972
[2019-09-16 01:41:21 +0000] [124] [INFO] Handling signal: term
[2019-09-16 01:41:21 +0000] [6972] [INFO] Worker exiting (pid: 6972)
[2019-09-16 01:41:22 +0000] [6920] [INFO] Worker exiting (pid: 6920)
[2019-09-16 01:41:22 +0000] [132] [INFO] Worker exiting (pid: 132)
[2019-09-16 01:41:22 +0000] [6918] [INFO] Worker exiting (pid: 6918)
[2019-09-16 01:41:22 +0000] [124] [INFO] Shutting down: Master
[2019-09-16 01:44:55 +0000] [127] [INFO] Starting gunicorn 19.9.0
[2019-09-16 01:44:55 +0000] [127] [INFO] Listening at: http://127.0.0.1:8080 (127)
[2019-09-16 01:44:55 +0000] [127] [INFO] Using worker: threads
[2019-09-16 01:44:55 +0000] [134] [INFO] Booting worker with pid: 134
[2019-09-16 01:44:55 +0000] [135] [INFO] Booting worker with pid: 135
[2019-09-16 01:44:55 +0000] [136] [INFO] Booting worker with pid: 136
[2019-09-16 01:44:55 +0000] [137] [INFO] Booting worker with pid: 137
[2019-09-16 02:27:17 +0000] [127] [CRITICAL] WORKER TIMEOUT (pid:135)
[2019-09-16 02:27:17 +0000] [135] [INFO] Worker exiting (pid: 135)
[2019-09-16 02:27:18 +0000] [1192] [INFO] Booting worker with pid: 1192
[2019-09-16 02:30:35 +0000] [127] [INFO] Handling signal: term
[2019-09-16 02:30:35 +0000] [1192] [INFO] Worker exiting (pid: 1192)
[2019-09-16 02:30:35 +0000] [136] [INFO] Worker exiting (pid: 136)
[2019-09-16 02:30:36 +0000] [134] [INFO] Worker exiting (pid: 134)
[2019-09-16 02:30:36 +0000] [137] [INFO] Worker exiting (pid: 137)
[2019-09-16 02:30:36 +0000] [127] [INFO] Shutting down: Master
[2019-09-16 02:30:45 +0000] [106] [INFO] Starting gunicorn 19.9.0
[2019-09-16 02:30:45 +0000] [106] [INFO] Listening at: http://127.0.0.1:8080 (106)
[2019-09-16 02:30:45 +0000] [106] [INFO] Using worker: threads
[2019-09-16 02:30:45 +0000] [113] [INFO] Booting worker with pid: 113
[2019-09-16 02:30:45 +0000] [114] [INFO] Booting worker with pid: 114
[2019-09-16 02:30:45 +0000] [115] [INFO] Booting worker with pid: 115
[2019-09-16 02:30:45 +0000] [116] [INFO] Booting worker with pid: 116
[2019-09-16 03:20:55 +0000] [106] [CRITICAL] WORKER TIMEOUT (pid:114)
[2019-09-16 03:20:55 +0000] [114] [INFO] Worker exiting (pid: 114)
[2019-09-16 03:20:55 +0000] [2392] [INFO] Booting worker with pid: 2392
[2019-09-16 03:57:22 +0000] [106] [CRITICAL] WORKER TIMEOUT (pid:113)
[2019-09-16 03:57:22 +0000] [106] [CRITICAL] WORKER TIMEOUT (pid:115)
[2019-09-16 03:57:22 +0000] [113] [INFO] Worker exiting (pid: 113)
[2019-09-16 03:57:22 +0000] [115] [INFO] Worker exiting (pid: 115)
[2019-09-16 03:57:23 +0000] [3705] [INFO] Booting worker with pid: 3705
[2019-09-16 03:57:23 +0000] [3706] [INFO] Booting worker with pid: 3706
[2019-09-16 04:39:01 +0000] [106] [CRITICAL] WORKER TIMEOUT (pid:116)
[2019-09-16 04:39:01 +0000] [106] [CRITICAL] WORKER TIMEOUT (pid:3706)
[2019-09-16 04:39:02 +0000] [116] [INFO] Worker exiting (pid: 116)
[2019-09-16 04:39:02 +0000] [3706] [INFO] Worker exiting (pid: 3706)
[2019-09-16 04:39:02 +0000] [6213] [INFO] Booting worker with pid: 6213
[2019-09-16 04:39:02 +0000] [6214] [INFO] Booting worker with pid: 6214
[2019-09-16 04:47:08 +0000] [106] [CRITICAL] WORKER TIMEOUT (pid:6214)
[2019-09-16 04:47:08 +0000] [6214] [INFO] Worker exiting (pid: 6214)
[2019-09-16 04:47:09 +0000] [6564] [INFO] Booting worker with pid: 6564
[2019-09-16 04:52:07 +0000] [106] [CRITICAL] WORKER TIMEOUT (pid:3705)
[2019-09-16 04:52:07 +0000] [106] [CRITICAL] WORKER TIMEOUT (pid:6213)
[2019-09-16 04:52:07 +0000] [6213] [INFO] Worker exiting (pid: 6213)
[2019-09-16 04:52:07 +0000] [3705] [INFO] Worker exiting (pid: 3705)
[2019-09-16 04:52:07 +0000] [6787] [INFO] Booting worker with pid: 6787
[2019-09-16 04:52:07 +0000] [6788] [INFO] Booting worker with pid: 6788
[2019-09-16 05:07:36 +0000] [106] [CRITICAL] WORKER TIMEOUT (pid:6564)
[2019-09-16 05:07:36 +0000] [6564] [INFO] Worker exiting (pid: 6564)
[2019-09-16 05:07:37 +0000] [7016] [INFO] Booting worker with pid: 7016
[2019-09-16 05:25:52 +0000] [106] [CRITICAL] WORKER TIMEOUT (pid:6788)
[2019-09-16 05:25:52 +0000] [106] [CRITICAL] WORKER TIMEOUT (pid:7016)
[2019-09-16 05:25:52 +0000] [6788] [INFO] Worker exiting (pid: 6788)
[2019-09-16 05:25:52 +0000] [7016] [INFO] Worker exiting (pid: 7016)
[2019-09-16 05:25:53 +0000] [7280] [INFO] Booting worker with pid: 7280
[2019-09-16 05:25:53 +0000] [7281] [INFO] Booting worker with pid: 7281
[2019-09-16 05:50:27 +0000] [106] [CRITICAL] WORKER TIMEOUT (pid:6787)
[2019-09-16 05:50:27 +0000] [106] [CRITICAL] WORKER TIMEOUT (pid:7280)
[2019-09-16 05:50:27 +0000] [106] [CRITICAL] WORKER TIMEOUT (pid:7281)
[2019-09-16 05:50:27 +0000] [7280] [INFO] Worker exiting (pid: 7280)
[2019-09-16 05:50:27 +0000] [6787] [INFO] Worker exiting (pid: 6787)
[2019-09-16 05:50:27 +0000] [7281] [INFO] Worker exiting (pid: 7281)
[2019-09-16 05:50:28 +0000] [7651] [INFO] Booting worker with pid: 7651
[2019-09-16 05:50:28 +0000] [7652] [INFO] Booting worker with pid: 7652
[2019-09-16 05:50:28 +0000] [7653] [INFO] Booting worker with pid: 7653
[2019-09-16 06:09:13 +0000] [106] [CRITICAL] WORKER TIMEOUT (pid:2392)
[2019-09-16 06:09:13 +0000] [106] [CRITICAL] WORKER TIMEOUT (pid:7651)
[2019-09-16 06:09:13 +0000] [2392] [INFO] Worker exiting (pid: 2392)
[2019-09-16 06:09:13 +0000] [7651] [INFO] Worker exiting (pid: 7651)
[2019-09-16 06:09:13 +0000] [7894] [INFO] Booting worker with pid: 7894
[2019-09-16 06:09:14 +0000] [7895] [INFO] Booting worker with pid: 7895
[2019-09-16 06:51:52 +0000] [106] [CRITICAL] WORKER TIMEOUT (pid:7652)
[2019-09-16 06:51:52 +0000] [106] [CRITICAL] WORKER TIMEOUT (pid:7653)
[2019-09-16 06:51:52 +0000] [106] [CRITICAL] WORKER TIMEOUT (pid:7895)
[2019-09-16 06:51:52 +0000] [7652] [INFO] Worker exiting (pid: 7652)
[2019-09-16 06:51:52 +0000] [7653] [INFO] Worker exiting (pid: 7653)
[2019-09-16 06:51:52 +0000] [7895] [INFO] Worker exiting (pid: 7895)
[2019-09-16 06:51:53 +0000] [7933] [INFO] Booting worker with pid: 7933
[2019-09-16 06:57:37 +0000] [7934] [INFO] Booting worker with pid: 7934
[2019-09-16 06:57:37 +0000] [106] [CRITICAL] WORKER TIMEOUT (pid:7894)
[2019-09-16 06:57:37 +0000] [106] [CRITICAL] WORKER TIMEOUT (pid:7933)
[2019-09-16 06:57:37 +0000] [106] [CRITICAL] WORKER TIMEOUT (pid:7934)
[2019-09-16 06:57:37 +0000] [7894] [INFO] Worker exiting (pid: 7894)
[2019-09-16 06:57:37 +0000] [7933] [INFO] Worker exiting (pid: 7933)
[2019-09-16 06:57:37 +0000] [7935] [INFO] Booting worker with pid: 7935
[2019-09-16 06:57:37 +0000] [7936] [INFO] Booting worker with pid: 7936
[2019-09-16 06:57:37 +0000] [7937] [INFO] Booting worker with pid: 7937
[2019-09-16 06:57:37 +0000] [7938] [INFO] Booting worker with pid: 7938
[2019-09-16 07:31:28 +0000] [106] [CRITICAL] WORKER TIMEOUT (pid:7935)
[2019-09-16 07:31:28 +0000] [106] [CRITICAL] WORKER TIMEOUT (pid:7936)
[2019-09-16 07:31:28 +0000] [106] [CRITICAL] WORKER TIMEOUT (pid:7938)
[2019-09-16 07:31:28 +0000] [7936] [INFO] Worker exiting (pid: 7936)
[2019-09-16 07:31:28 +0000] [7935] [INFO] Worker exiting (pid: 7935)
[2019-09-16 07:31:28 +0000] [7938] [INFO] Worker exiting (pid: 7938)
[2019-09-16 07:31:29 +0000] [8952] [INFO] Booting worker with pid: 8952
[2019-09-16 07:31:29 +0000] [8953] [INFO] Booting worker with pid: 8953
[2019-09-16 07:31:29 +0000] [8954] [INFO] Booting worker with pid: 8954
[2019-09-16 08:31:47 +0000] [106] [CRITICAL] WORKER TIMEOUT (pid:7937)
[2019-09-16 08:31:47 +0000] [106] [CRITICAL] WORKER TIMEOUT (pid:8952)
[2019-09-16 08:31:47 +0000] [7937] [INFO] Worker exiting (pid: 7937)
[2019-09-16 08:31:47 +0000] [106] [CRITICAL] WORKER TIMEOUT (pid:8953)
[2019-09-16 08:31:47 +0000] [8952] [INFO] Worker exiting (pid: 8952)
[2019-09-16 08:31:48 +0000] [8953] [INFO] Worker exiting (pid: 8953)
[2019-09-16 08:31:48 +0000] [9932] [INFO] Booting worker with pid: 9932
[2019-09-16 08:31:48 +0000] [9933] [INFO] Booting worker with pid: 9933
[2019-09-16 08:31:48 +0000] [9934] [INFO] Booting worker with pid: 9934
[2019-09-16 11:39:41 +0000] [106] [CRITICAL] WORKER TIMEOUT (pid:9932)
[2019-09-16 11:39:41 +0000] [106] [CRITICAL] WORKER TIMEOUT (pid:9933)
[2019-09-16 11:39:41 +0000] [9932] [INFO] Worker exiting (pid: 9932)
[2019-09-16 11:39:41 +0000] [9933] [INFO] Worker exiting (pid: 9933)
[2019-09-16 11:39:41 +0000] [11964] [INFO] Booting worker with pid: 11964
[2019-09-16 11:39:41 +0000] [11965] [INFO] Booting worker with pid: 11965
[2019-09-16 12:10:25 +0000] [106] [CRITICAL] WORKER TIMEOUT (pid:8954)
[2019-09-16 12:10:25 +0000] [106] [CRITICAL] WORKER TIMEOUT (pid:11964)
[2019-09-16 12:10:25 +0000] [106] [CRITICAL] WORKER TIMEOUT (pid:11965)
[2019-09-16 12:10:25 +0000] [11964] [INFO] Worker exiting (pid: 11964)
[2019-09-16 12:10:25 +0000] [8954] [INFO] Worker exiting (pid: 8954)
[2019-09-16 12:10:25 +0000] [11965] [INFO] Worker exiting (pid: 11965)
[2019-09-16 12:10:26 +0000] [13131] [INFO] Booting worker with pid: 13131
[2019-09-16 12:10:26 +0000] [13132] [INFO] Booting worker with pid: 13132
[2019-09-16 12:10:26 +0000] [13133] [INFO] Booting worker with pid: 13133
[2019-09-16 13:24:37 +0000] [106] [CRITICAL] WORKER TIMEOUT (pid:9934)
[2019-09-16 13:24:37 +0000] [9934] [INFO] Worker exiting (pid: 9934)
[2019-09-16 13:24:37 +0000] [106] [CRITICAL] WORKER TIMEOUT (pid:13131)
[2019-09-16 13:24:37 +0000] [106] [CRITICAL] WORKER TIMEOUT (pid:13132)
[2019-09-16 13:24:37 +0000] [13132] [INFO] Worker exiting (pid: 13132)
[2019-09-16 13:24:37 +0000] [13131] [INFO] Worker exiting (pid: 13131)
[2019-09-16 13:24:37 +0000] [15952] [INFO] Booting worker with pid: 15952
[2019-09-16 13:24:37 +0000] [15953] [INFO] Booting worker with pid: 15953
[2019-09-16 13:24:37 +0000] [15954] [INFO] Booting worker with pid: 15954
[2019-09-16 14:39:03 +0000] [126] [INFO] Starting gunicorn 19.9.0
[2019-09-16 14:39:03 +0000] [126] [INFO] Listening at: http://127.0.0.1:8080 (126)
[2019-09-16 14:39:03 +0000] [126] [INFO] Using worker: threads
[2019-09-16 14:39:03 +0000] [133] [INFO] Booting worker with pid: 133
[2019-09-16 14:39:03 +0000] [134] [INFO] Booting worker with pid: 134
[2019-09-16 14:39:03 +0000] [135] [INFO] Booting worker with pid: 135
[2019-09-16 14:39:03 +0000] [136] [INFO] Booting worker with pid: 136
[2019-09-16 23:50:56 +0000] [131] [INFO] Starting gunicorn 19.9.0
[2019-09-16 23:50:56 +0000] [131] [INFO] Listening at: http://127.0.0.1:8080 (131)
[2019-09-16 23:50:56 +0000] [131] [INFO] Using worker: threads
[2019-09-16 23:50:56 +0000] [138] [INFO] Booting worker with pid: 138
[2019-09-16 23:50:56 +0000] [139] [INFO] Booting worker with pid: 139
[2019-09-16 23:50:56 +0000] [140] [INFO] Booting worker with pid: 140
[2019-09-16 23:50:57 +0000] [141] [INFO] Booting worker with pid: 141
[2019-09-17 01:21:56 +0000] [131] [INFO] Handling signal: term
[2019-09-17 01:21:56 +0000] [141] [INFO] Worker exiting (pid: 141)
[2019-09-17 01:21:56 +0000] [139] [INFO] Worker exiting (pid: 139)
[2019-09-17 01:21:56 +0000] [138] [INFO] Worker exiting (pid: 138)
[2019-09-17 01:21:57 +0000] [140] [INFO] Worker exiting (pid: 140)
[2019-09-17 01:21:57 +0000] [131] [INFO] Shutting down: Master
[2019-09-17 01:22:07 +0000] [106] [INFO] Starting gunicorn 19.9.0
[2019-09-17 01:22:07 +0000] [106] [INFO] Listening at: http://127.0.0.1:8080 (106)
[2019-09-17 01:22:07 +0000] [106] [INFO] Using worker: threads
[2019-09-17 01:22:07 +0000] [113] [INFO] Booting worker with pid: 113
[2019-09-17 01:22:07 +0000] [114] [INFO] Booting worker with pid: 114
[2019-09-17 01:22:07 +0000] [115] [INFO] Booting worker with pid: 115
[2019-09-17 01:22:07 +0000] [116] [INFO] Booting worker with pid: 116
[2019-09-17 01:58:44 +0000] [106] [INFO] Handling signal: term
[2019-09-17 01:58:44 +0000] [116] [INFO] Worker exiting (pid: 116)
[2019-09-17 01:58:45 +0000] [113] [INFO] Worker exiting (pid: 113)
[2019-09-17 01:58:45 +0000] [115] [INFO] Worker exiting (pid: 115)
[2019-09-17 01:58:45 +0000] [114] [INFO] Worker exiting (pid: 114)
[2019-09-17 01:58:45 +0000] [106] [INFO] Shutting down: Master
[2019-09-17 02:00:19 +0000] [128] [INFO] Starting gunicorn 19.9.0
[2019-09-17 02:00:19 +0000] [128] [INFO] Listening at: http://127.0.0.1:8080 (128)
[2019-09-17 02:00:19 +0000] [128] [INFO] Using worker: threads
[2019-09-17 02:00:19 +0000] [135] [INFO] Booting worker with pid: 135
[2019-09-17 02:00:19 +0000] [136] [INFO] Booting worker with pid: 136
[2019-09-17 02:00:19 +0000] [137] [INFO] Booting worker with pid: 137
[2019-09-17 02:00:19 +0000] [138] [INFO] Booting worker with pid: 138
[2019-09-17 02:01:07 +0000] [129] [INFO] Starting gunicorn 19.9.0
[2019-09-17 02:01:07 +0000] [129] [INFO] Listening at: http://127.0.0.1:8080 (129)
[2019-09-17 02:01:07 +0000] [129] [INFO] Using worker: threads
[2019-09-17 02:01:07 +0000] [136] [INFO] Booting worker with pid: 136
[2019-09-17 02:01:07 +0000] [137] [INFO] Booting worker with pid: 137
[2019-09-17 02:01:07 +0000] [138] [INFO] Booting worker with pid: 138
[2019-09-17 02:01:07 +0000] [139] [INFO] Booting worker with pid: 139
[2019-09-17 02:31:30 +0000] [129] [INFO] Handling signal: term
[2019-09-17 02:31:30 +0000] [139] [INFO] Worker exiting (pid: 139)
[2019-09-17 02:31:30 +0000] [138] [INFO] Worker exiting (pid: 138)
[2019-09-17 02:31:30 +0000] [137] [INFO] Worker exiting (pid: 137)
[2019-09-17 02:31:31 +0000] [136] [INFO] Worker exiting (pid: 136)
[2019-09-17 02:31:31 +0000] [129] [INFO] Shutting down: Master
[2019-09-17 07:26:05 +0000] [124] [INFO] Starting gunicorn 19.9.0
[2019-09-17 07:26:05 +0000] [124] [INFO] Listening at: http://127.0.0.1:8080 (124)
[2019-09-17 07:26:05 +0000] [124] [INFO] Using worker: threads
[2019-09-17 07:26:05 +0000] [131] [INFO] Booting worker with pid: 131
[2019-09-17 07:26:05 +0000] [132] [INFO] Booting worker with pid: 132
[2019-09-17 07:26:05 +0000] [133] [INFO] Booting worker with pid: 133
[2019-09-17 07:26:05 +0000] [134] [INFO] Booting worker with pid: 134
[2019-09-17 07:48:04 +0000] [124] [INFO] Handling signal: term
[2019-09-17 07:48:04 +0000] [133] [INFO] Worker exiting (pid: 133)
[2019-09-17 07:48:04 +0000] [132] [INFO] Worker exiting (pid: 132)
[2019-09-17 07:48:04 +0000] [134] [INFO] Worker exiting (pid: 134)
[2019-09-17 07:48:05 +0000] [131] [INFO] Worker exiting (pid: 131)
[2019-09-17 07:48:05 +0000] [124] [INFO] Shutting down: Master
[2019-09-17 07:57:22 +0000] [133] [INFO] Starting gunicorn 19.9.0
[2019-09-17 07:57:22 +0000] [133] [INFO] Listening at: http://127.0.0.1:8080 (133)
[2019-09-17 07:57:22 +0000] [133] [INFO] Using worker: threads
[2019-09-17 07:57:22 +0000] [140] [INFO] Booting worker with pid: 140
[2019-09-17 07:57:22 +0000] [141] [INFO] Booting worker with pid: 141
[2019-09-17 07:57:22 +0000] [142] [INFO] Booting worker with pid: 142
[2019-09-17 07:57:23 +0000] [143] [INFO] Booting worker with pid: 143
[2019-09-17 08:10:01 +0000] [133] [INFO] Handling signal: term
[2019-09-17 08:10:01 +0000] [141] [INFO] Worker exiting (pid: 141)
[2019-09-17 08:10:02 +0000] [140] [INFO] Worker exiting (pid: 140)
[2019-09-17 08:10:02 +0000] [143] [INFO] Worker exiting (pid: 143)
[2019-09-17 08:10:02 +0000] [142] [INFO] Worker exiting (pid: 142)
[2019-09-17 08:10:02 +0000] [133] [INFO] Shutting down: Master
[2019-09-17 08:11:59 +0000] [125] [INFO] Starting gunicorn 19.9.0
[2019-09-17 08:11:59 +0000] [125] [INFO] Listening at: http://127.0.0.1:8080 (125)
[2019-09-17 08:11:59 +0000] [125] [INFO] Using worker: threads
[2019-09-17 08:11:59 +0000] [132] [INFO] Booting worker with pid: 132
[2019-09-17 08:11:59 +0000] [133] [INFO] Booting worker with pid: 133
[2019-09-17 08:11:59 +0000] [134] [INFO] Booting worker with pid: 134
[2019-09-17 08:11:59 +0000] [135] [INFO] Booting worker with pid: 135
[2019-09-17 08:25:31 +0000] [125] [INFO] Handling signal: term
[2019-09-17 08:25:31 +0000] [134] [INFO] Worker exiting (pid: 134)
[2019-09-17 08:25:32 +0000] [133] [INFO] Worker exiting (pid: 133)
[2019-09-17 08:25:32 +0000] [135] [INFO] Worker exiting (pid: 135)
[2019-09-17 08:25:32 +0000] [132] [INFO] Worker exiting (pid: 132)
[2019-09-17 08:25:32 +0000] [125] [INFO] Shutting down: Master
[2019-09-17 08:26:29 +0000] [138] [INFO] Starting gunicorn 19.9.0
[2019-09-17 08:26:29 +0000] [138] [INFO] Listening at: http://127.0.0.1:8080 (138)
[2019-09-17 08:26:29 +0000] [138] [INFO] Using worker: threads
[2019-09-17 08:26:29 +0000] [145] [INFO] Booting worker with pid: 145
[2019-09-17 08:26:29 +0000] [146] [INFO] Booting worker with pid: 146
[2019-09-17 08:26:29 +0000] [147] [INFO] Booting worker with pid: 147
[2019-09-17 08:26:29 +0000] [148] [INFO] Booting worker with pid: 148
[2019-09-17 08:29:51 +0000] [138] [INFO] Handling signal: term
[2019-09-17 08:29:52 +0000] [146] [INFO] Worker exiting (pid: 146)
[2019-09-17 08:29:52 +0000] [147] [INFO] Worker exiting (pid: 147)
[2019-09-17 08:29:52 +0000] [145] [INFO] Worker exiting (pid: 145)
[2019-09-17 08:29:52 +0000] [148] [INFO] Worker exiting (pid: 148)
[2019-09-17 08:29:53 +0000] [138] [INFO] Shutting down: Master
[2019-09-17 08:34:07 +0000] [127] [INFO] Starting gunicorn 19.9.0
[2019-09-17 08:34:07 +0000] [127] [INFO] Listening at: http://127.0.0.1:8080 (127)
[2019-09-17 08:34:07 +0000] [127] [INFO] Using worker: threads
[2019-09-17 08:34:07 +0000] [134] [INFO] Booting worker with pid: 134
[2019-09-17 08:34:07 +0000] [135] [INFO] Booting worker with pid: 135
[2019-09-17 08:34:07 +0000] [136] [INFO] Booting worker with pid: 136
[2019-09-17 08:34:08 +0000] [137] [INFO] Booting worker with pid: 137
[2019-09-17 09:01:27 +0000] [127] [CRITICAL] WORKER TIMEOUT (pid:134)
[2019-09-17 09:01:27 +0000] [127] [CRITICAL] WORKER TIMEOUT (pid:136)
[2019-09-17 09:01:27 +0000] [134] [INFO] Worker exiting (pid: 134)
[2019-09-17 09:01:27 +0000] [136] [INFO] Worker exiting (pid: 136)
[2019-09-17 09:01:27 +0000] [659] [INFO] Booting worker with pid: 659
[2019-09-17 09:01:27 +0000] [660] [INFO] Booting worker with pid: 660
[2019-09-17 09:31:31 +0000] [127] [INFO] Handling signal: term
[2019-09-17 09:31:31 +0000] [659] [INFO] Worker exiting (pid: 659)
[2019-09-17 09:31:31 +0000] [660] [INFO] Worker exiting (pid: 660)
[2019-09-17 09:31:32 +0000] [137] [INFO] Worker exiting (pid: 137)
[2019-09-17 09:31:32 +0000] [135] [INFO] Worker exiting (pid: 135)
[2019-09-17 09:31:32 +0000] [127] [INFO] Shutting down: Master
[2019-09-17 09:32:41 +0000] [132] [INFO] Starting gunicorn 19.9.0
[2019-09-17 09:32:41 +0000] [132] [INFO] Listening at: http://127.0.0.1:8080 (132)
[2019-09-17 09:32:41 +0000] [132] [INFO] Using worker: threads
[2019-09-17 09:32:41 +0000] [139] [INFO] Booting worker with pid: 139
[2019-09-17 09:32:41 +0000] [140] [INFO] Booting worker with pid: 140
[2019-09-17 09:32:41 +0000] [141] [INFO] Booting worker with pid: 141
[2019-09-17 09:32:41 +0000] [142] [INFO] Booting worker with pid: 142
[2019-09-17 09:41:53 +0000] [132] [CRITICAL] WORKER TIMEOUT (pid:140)
[2019-09-17 09:41:53 +0000] [132] [CRITICAL] WORKER TIMEOUT (pid:141)
[2019-09-17 09:41:53 +0000] [140] [INFO] Worker exiting (pid: 140)
[2019-09-17 09:41:53 +0000] [141] [INFO] Worker exiting (pid: 141)
[2019-09-17 09:41:54 +0000] [531] [INFO] Booting worker with pid: 531
[2019-09-17 09:41:54 +0000] [532] [INFO] Booting worker with pid: 532
[2019-09-17 10:44:18 +0000] [132] [CRITICAL] WORKER TIMEOUT (pid:139)
[2019-09-17 10:44:18 +0000] [132] [CRITICAL] WORKER TIMEOUT (pid:142)
[2019-09-17 10:44:18 +0000] [142] [INFO] Worker exiting (pid: 142)
[2019-09-17 10:44:18 +0000] [139] [INFO] Worker exiting (pid: 139)
[2019-09-17 10:44:18 +0000] [132] [CRITICAL] WORKER TIMEOUT (pid:532)
[2019-09-17 10:44:18 +0000] [532] [INFO] Worker exiting (pid: 532)
[2019-09-17 10:44:19 +0000] [2865] [INFO] Booting worker with pid: 2865
[2019-09-17 10:44:19 +0000] [2866] [INFO] Booting worker with pid: 2866
[2019-09-17 10:44:19 +0000] [2867] [INFO] Booting worker with pid: 2867
[2019-09-17 11:22:53 +0000] [132] [CRITICAL] WORKER TIMEOUT (pid:531)
[2019-09-17 11:22:53 +0000] [132] [CRITICAL] WORKER TIMEOUT (pid:2866)
[2019-09-17 11:22:53 +0000] [531] [INFO] Worker exiting (pid: 531)
[2019-09-17 11:22:53 +0000] [2866] [INFO] Worker exiting (pid: 2866)
[2019-09-17 11:22:54 +0000] [5287] [INFO] Booting worker with pid: 5287
[2019-09-17 11:22:54 +0000] [5288] [INFO] Booting worker with pid: 5288
[2019-09-17 11:31:02 +0000] [132] [INFO] Handling signal: term
[2019-09-17 11:31:02 +0000] [2867] [INFO] Worker exiting (pid: 2867)
[2019-09-17 11:31:02 +0000] [5287] [INFO] Worker exiting (pid: 5287)
[2019-09-17 11:31:02 +0000] [5288] [INFO] Worker exiting (pid: 5288)
[2019-09-17 11:31:03 +0000] [2865] [INFO] Worker exiting (pid: 2865)
[2019-09-17 11:31:03 +0000] [132] [INFO] Shutting down: Master
[2019-09-17 11:31:30 +0000] [105] [INFO] Starting gunicorn 19.9.0
[2019-09-17 11:31:30 +0000] [105] [INFO] Listening at: http://127.0.0.1:8080 (105)
[2019-09-17 11:31:30 +0000] [105] [INFO] Using worker: threads
[2019-09-17 11:31:30 +0000] [112] [INFO] Booting worker with pid: 112
[2019-09-17 11:31:30 +0000] [113] [INFO] Booting worker with pid: 113
[2019-09-17 11:31:30 +0000] [114] [INFO] Booting worker with pid: 114
[2019-09-17 11:31:30 +0000] [115] [INFO] Booting worker with pid: 115
[2019-09-17 12:34:46 +0000] [105] [CRITICAL] WORKER TIMEOUT (pid:113)
[2019-09-17 12:34:46 +0000] [105] [CRITICAL] WORKER TIMEOUT (pid:114)
[2019-09-17 12:34:46 +0000] [105] [CRITICAL] WORKER TIMEOUT (pid:115)
[2019-09-17 12:34:46 +0000] [113] [INFO] Worker exiting (pid: 113)
[2019-09-17 12:34:46 +0000] [115] [INFO] Worker exiting (pid: 115)
[2019-09-17 12:34:46 +0000] [114] [INFO] Worker exiting (pid: 114)
[2019-09-17 12:34:47 +0000] [4542] [INFO] Booting worker with pid: 4542
[2019-09-17 12:34:47 +0000] [4543] [INFO] Booting worker with pid: 4543
[2019-09-17 12:34:47 +0000] [4544] [INFO] Booting worker with pid: 4544
[2019-09-17 12:57:10 +0000] [105] [CRITICAL] WORKER TIMEOUT (pid:4542)
[2019-09-17 12:57:10 +0000] [105] [CRITICAL] WORKER TIMEOUT (pid:4543)
[2019-09-17 12:57:10 +0000] [4543] [INFO] Worker exiting (pid: 4543)
[2019-09-17 12:57:10 +0000] [4542] [INFO] Worker exiting (pid: 4542)
[2019-09-17 12:57:10 +0000] [4824] [INFO] Booting worker with pid: 4824
[2019-09-17 12:57:10 +0000] [4825] [INFO] Booting worker with pid: 4825
[2019-09-17 13:46:14 +0000] [105] [CRITICAL] WORKER TIMEOUT (pid:112)
[2019-09-17 13:46:14 +0000] [105] [CRITICAL] WORKER TIMEOUT (pid:4544)
[2019-09-17 13:46:14 +0000] [105] [CRITICAL] WORKER TIMEOUT (pid:4824)
[2019-09-17 13:46:14 +0000] [105] [CRITICAL] WORKER TIMEOUT (pid:4825)
[2019-09-17 13:46:14 +0000] [112] [INFO] Worker exiting (pid: 112)
[2019-09-17 13:46:14 +0000] [4824] [INFO] Worker exiting (pid: 4824)
[2019-09-17 13:46:14 +0000] [4544] [INFO] Worker exiting (pid: 4544)
[2019-09-17 13:46:14 +0000] [4825] [INFO] Worker exiting (pid: 4825)
[2019-09-17 13:46:15 +0000] [6687] [INFO] Booting worker with pid: 6687
[2019-09-17 13:46:15 +0000] [6688] [INFO] Booting worker with pid: 6688
[2019-09-17 13:46:15 +0000] [6689] [INFO] Booting worker with pid: 6689
[2019-09-17 13:46:15 +0000] [6690] [INFO] Booting worker with pid: 6690
[2019-09-17 14:14:03 +0000] [105] [CRITICAL] WORKER TIMEOUT (pid:6690)
[2019-09-17 14:14:03 +0000] [6690] [INFO] Worker exiting (pid: 6690)
[2019-09-17 14:14:04 +0000] [7477] [INFO] Booting worker with pid: 7477
[2019-09-17 14:53:36 +0000] [105] [CRITICAL] WORKER TIMEOUT (pid:6687)
[2019-09-17 14:53:36 +0000] [6687] [INFO] Worker exiting (pid: 6687)
[2019-09-17 14:53:37 +0000] [9212] [INFO] Booting worker with pid: 9212
[2019-09-17 23:19:00 +0000] [126] [INFO] Starting gunicorn 19.9.0
[2019-09-17 23:19:00 +0000] [126] [INFO] Listening at: http://127.0.0.1:8080 (126)
[2019-09-17 23:19:00 +0000] [126] [INFO] Using worker: threads
[2019-09-17 23:19:00 +0000] [133] [INFO] Booting worker with pid: 133
[2019-09-17 23:19:01 +0000] [134] [INFO] Booting worker with pid: 134
[2019-09-17 23:19:01 +0000] [135] [INFO] Booting worker with pid: 135
[2019-09-17 23:19:01 +0000] [136] [INFO] Booting worker with pid: 136
[2019-09-17 23:37:30 +0000] [126] [CRITICAL] WORKER TIMEOUT (pid:133)
[2019-09-17 23:37:30 +0000] [126] [CRITICAL] WORKER TIMEOUT (pid:134)
[2019-09-17 23:37:30 +0000] [126] [CRITICAL] WORKER TIMEOUT (pid:135)
[2019-09-17 23:37:30 +0000] [134] [INFO] Worker exiting (pid: 134)
[2019-09-17 23:37:30 +0000] [126] [CRITICAL] WORKER TIMEOUT (pid:136)
[2019-09-17 23:37:30 +0000] [133] [INFO] Worker exiting (pid: 133)
[2019-09-17 23:37:29 +0000] [505] [INFO] Booting worker with pid: 505
[2019-09-17 23:37:29 +0000] [506] [INFO] Booting worker with pid: 506
[2019-09-17 23:37:30 +0000] [507] [INFO] Booting worker with pid: 507
[2019-09-17 23:37:30 +0000] [508] [INFO] Booting worker with pid: 508
[2019-09-17 23:47:56 +0000] [126] [CRITICAL] WORKER TIMEOUT (pid:506)
[2019-09-17 23:47:56 +0000] [126] [CRITICAL] WORKER TIMEOUT (pid:507)
[2019-09-17 23:47:56 +0000] [126] [CRITICAL] WORKER TIMEOUT (pid:508)
[2019-09-17 23:47:56 +0000] [507] [INFO] Worker exiting (pid: 507)
[2019-09-17 23:47:56 +0000] [506] [INFO] Worker exiting (pid: 506)
[2019-09-17 23:47:56 +0000] [508] [INFO] Worker exiting (pid: 508)
[2019-09-17 23:47:57 +0000] [885] [INFO] Booting worker with pid: 885
[2019-09-17 23:47:57 +0000] [886] [INFO] Booting worker with pid: 886
[2019-09-17 23:47:57 +0000] [887] [INFO] Booting worker with pid: 887
[2019-09-18 00:28:41 +0000] [126] [INFO] Handling signal: term
[2019-09-18 00:28:41 +0000] [505] [INFO] Worker exiting (pid: 505)
[2019-09-18 00:28:42 +0000] [885] [INFO] Worker exiting (pid: 885)
[2019-09-18 00:28:42 +0000] [887] [INFO] Worker exiting (pid: 887)
[2019-09-18 00:28:42 +0000] [886] [INFO] Worker exiting (pid: 886)
[2019-09-18 00:28:42 +0000] [126] [INFO] Shutting down: Master
[2019-09-18 01:00:11 +0000] [123] [INFO] Starting gunicorn 19.9.0
[2019-09-18 01:00:11 +0000] [123] [INFO] Listening at: http://127.0.0.1:8080 (123)
[2019-09-18 01:00:11 +0000] [123] [INFO] Using worker: threads
[2019-09-18 01:00:11 +0000] [130] [INFO] Booting worker with pid: 130
[2019-09-18 01:00:11 +0000] [131] [INFO] Booting worker with pid: 131
[2019-09-18 01:00:11 +0000] [132] [INFO] Booting worker with pid: 132
[2019-09-18 01:00:11 +0000] [133] [INFO] Booting worker with pid: 133
[2019-09-18 01:01:35 +0000] [123] [INFO] Handling signal: term
[2019-09-18 01:01:35 +0000] [132] [INFO] Worker exiting (pid: 132)
[2019-09-18 01:01:36 +0000] [130] [INFO] Worker exiting (pid: 130)
[2019-09-18 01:01:36 +0000] [131] [INFO] Worker exiting (pid: 131)
[2019-09-18 01:01:36 +0000] [133] [INFO] Worker exiting (pid: 133)
[2019-09-18 01:01:36 +0000] [123] [INFO] Shutting down: Master
[2019-09-18 01:28:03 +0000] [133] [INFO] Starting gunicorn 19.9.0
[2019-09-18 01:28:03 +0000] [133] [INFO] Listening at: http://127.0.0.1:8080 (133)
[2019-09-18 01:28:03 +0000] [133] [INFO] Using worker: threads
[2019-09-18 01:28:03 +0000] [140] [INFO] Booting worker with pid: 140
[2019-09-18 01:28:03 +0000] [141] [INFO] Booting worker with pid: 141
[2019-09-18 01:28:03 +0000] [142] [INFO] Booting worker with pid: 142
[2019-09-18 01:28:03 +0000] [143] [INFO] Booting worker with pid: 143
[2019-09-18 01:44:42 +0000] [133] [CRITICAL] WORKER TIMEOUT (pid:140)
[2019-09-18 01:44:42 +0000] [133] [CRITICAL] WORKER TIMEOUT (pid:142)
[2019-09-18 01:44:42 +0000] [133] [CRITICAL] WORKER TIMEOUT (pid:143)
[2019-09-18 01:44:42 +0000] [140] [INFO] Worker exiting (pid: 140)
[2019-09-18 01:44:42 +0000] [143] [INFO] Worker exiting (pid: 143)
[2019-09-18 01:44:42 +0000] [142] [INFO] Worker exiting (pid: 142)
[2019-09-18 01:44:43 +0000] [951] [INFO] Booting worker with pid: 951
[2019-09-18 01:44:43 +0000] [952] [INFO] Booting worker with pid: 952
[2019-09-18 01:44:43 +0000] [953] [INFO] Booting worker with pid: 953
[2019-09-18 03:25:11 +0000] [133] [CRITICAL] WORKER TIMEOUT (pid:952)
[2019-09-18 03:25:11 +0000] [952] [INFO] Worker exiting (pid: 952)
[2019-09-18 03:25:12 +0000] [1770] [INFO] Booting worker with pid: 1770
[2019-09-18 04:09:10 +0000] [133] [CRITICAL] WORKER TIMEOUT (pid:953)
[2019-09-18 04:09:10 +0000] [953] [INFO] Worker exiting (pid: 953)
[2019-09-18 04:09:10 +0000] [2099] [INFO] Booting worker with pid: 2099
[2019-09-18 04:13:42 +0000] [133] [CRITICAL] WORKER TIMEOUT (pid:2099)
[2019-09-18 04:13:42 +0000] [2099] [INFO] Worker exiting (pid: 2099)
[2019-09-18 04:13:43 +0000] [2154] [INFO] Booting worker with pid: 2154
[2019-09-18 05:45:52 +0000] [133] [CRITICAL] WORKER TIMEOUT (pid:1770)
[2019-09-18 05:45:52 +0000] [1770] [INFO] Worker exiting (pid: 1770)
[2019-09-18 05:45:52 +0000] [6136] [INFO] Booting worker with pid: 6136
[2019-09-18 06:51:22 +0000] [133] [CRITICAL] WORKER TIMEOUT (pid:141)
[2019-09-18 06:51:22 +0000] [133] [CRITICAL] WORKER TIMEOUT (pid:951)
[2019-09-18 06:51:22 +0000] [133] [CRITICAL] WORKER TIMEOUT (pid:2154)
[2019-09-18 06:51:22 +0000] [133] [CRITICAL] WORKER TIMEOUT (pid:6136)
[2019-09-18 06:51:22 +0000] [141] [INFO] Worker exiting (pid: 141)
[2019-09-18 06:51:22 +0000] [2154] [INFO] Worker exiting (pid: 2154)
[2019-09-18 06:51:22 +0000] [6136] [INFO] Worker exiting (pid: 6136)
[2019-09-18 06:51:22 +0000] [951] [INFO] Worker exiting (pid: 951)
[2019-09-18 06:51:23 +0000] [6166] [INFO] Booting worker with pid: 6166
[2019-09-18 06:51:23 +0000] [6167] [INFO] Booting worker with pid: 6167
[2019-09-18 06:51:23 +0000] [6168] [INFO] Booting worker with pid: 6168
[2019-09-18 06:51:23 +0000] [6169] [INFO] Booting worker with pid: 6169
[2019-09-18 08:19:28 +0000] [133] [CRITICAL] WORKER TIMEOUT (pid:6166)
[2019-09-18 08:19:28 +0000] [133] [CRITICAL] WORKER TIMEOUT (pid:6167)
[2019-09-18 08:19:28 +0000] [133] [CRITICAL] WORKER TIMEOUT (pid:6168)
[2019-09-18 08:19:28 +0000] [133] [CRITICAL] WORKER TIMEOUT (pid:6169)
[2019-09-18 08:19:28 +0000] [6167] [INFO] Worker exiting (pid: 6167)
[2019-09-18 08:19:28 +0000] [6166] [INFO] Worker exiting (pid: 6166)
[2019-09-18 08:19:28 +0000] [6169] [INFO] Worker exiting (pid: 6169)
[2019-09-18 08:19:28 +0000] [6168] [INFO] Worker exiting (pid: 6168)
[2019-09-18 08:19:29 +0000] [10163] [INFO] Booting worker with pid: 10163
[2019-09-18 08:19:29 +0000] [10164] [INFO] Booting worker with pid: 10164
[2019-09-18 08:19:29 +0000] [10165] [INFO] Booting worker with pid: 10165
[2019-09-18 08:19:29 +0000] [10166] [INFO] Booting worker with pid: 10166
[2019-09-18 09:24:42 +0000] [133] [CRITICAL] WORKER TIMEOUT (pid:10163)
[2019-09-18 09:24:42 +0000] [10163] [INFO] Worker exiting (pid: 10163)
[2019-09-18 09:24:42 +0000] [11837] [INFO] Booting worker with pid: 11837
[2019-09-18 11:25:39 +0000] [133] [CRITICAL] WORKER TIMEOUT (pid:10165)
[2019-09-18 11:25:39 +0000] [10165] [INFO] Worker exiting (pid: 10165)
[2019-09-18 11:25:39 +0000] [11892] [INFO] Booting worker with pid: 11892
[2019-09-18 12:23:30 +0000] [133] [CRITICAL] WORKER TIMEOUT (pid:10164)
[2019-09-18 12:23:30 +0000] [10164] [INFO] Worker exiting (pid: 10164)
[2019-09-18 12:23:30 +0000] [133] [CRITICAL] WORKER TIMEOUT (pid:11837)
[2019-09-18 12:23:30 +0000] [11837] [INFO] Worker exiting (pid: 11837)
[2019-09-18 12:23:30 +0000] [133] [CRITICAL] WORKER TIMEOUT (pid:11892)
[2019-09-18 12:23:30 +0000] [11892] [INFO] Worker exiting (pid: 11892)
[2019-09-18 12:23:30 +0000] [11949] [INFO] Booting worker with pid: 11949
[2019-09-18 12:23:30 +0000] [11950] [INFO] Booting worker with pid: 11950
[2019-09-18 12:23:30 +0000] [11951] [INFO] Booting worker with pid: 11951
[2019-09-18 13:18:42 +0000] [133] [INFO] Handling signal: term
[2019-09-18 13:18:42 +0000] [11951] [INFO] Worker exiting (pid: 11951)
[2019-09-18 13:18:43 +0000] [11950] [INFO] Worker exiting (pid: 11950)
[2019-09-18 13:18:43 +0000] [10166] [INFO] Worker exiting (pid: 10166)
[2019-09-18 13:18:43 +0000] [11949] [INFO] Worker exiting (pid: 11949)
[2019-09-18 13:18:43 +0000] [133] [INFO] Shutting down: Master
[2019-09-19 00:56:24 +0000] [131] [INFO] Starting gunicorn 19.9.0
[2019-09-19 00:56:24 +0000] [131] [INFO] Listening at: http://127.0.0.1:8080 (131)
[2019-09-19 00:56:24 +0000] [131] [INFO] Using worker: threads
[2019-09-19 00:56:24 +0000] [138] [INFO] Booting worker with pid: 138
[2019-09-19 00:56:24 +0000] [139] [INFO] Booting worker with pid: 139
[2019-09-19 00:56:24 +0000] [140] [INFO] Booting worker with pid: 140
[2019-09-19 00:56:24 +0000] [141] [INFO] Booting worker with pid: 141
[2019-09-19 01:27:47 +0000] [131] [CRITICAL] WORKER TIMEOUT (pid:138)
[2019-09-19 01:27:47 +0000] [131] [CRITICAL] WORKER TIMEOUT (pid:139)
[2019-09-19 01:27:47 +0000] [131] [CRITICAL] WORKER TIMEOUT (pid:140)
[2019-09-19 01:27:47 +0000] [131] [CRITICAL] WORKER TIMEOUT (pid:141)
[2019-09-19 01:27:47 +0000] [141] [INFO] Worker exiting (pid: 141)
[2019-09-19 01:27:47 +0000] [140] [INFO] Worker exiting (pid: 140)
[2019-09-19 01:27:47 +0000] [139] [INFO] Worker exiting (pid: 139)
[2019-09-19 01:27:47 +0000] [138] [INFO] Worker exiting (pid: 138)
[2019-09-19 01:27:47 +0000] [2207] [INFO] Booting worker with pid: 2207
[2019-09-19 01:27:47 +0000] [2208] [INFO] Booting worker with pid: 2208
[2019-09-19 01:27:47 +0000] [2209] [INFO] Booting worker with pid: 2209
[2019-09-19 01:27:47 +0000] [2210] [INFO] Booting worker with pid: 2210
[2019-09-19 01:46:35 +0000] [131] [INFO] Handling signal: term
[2019-09-19 01:46:35 +0000] [2208] [INFO] Worker exiting (pid: 2208)
[2019-09-19 01:46:35 +0000] [2207] [INFO] Worker exiting (pid: 2207)
[2019-09-19 01:46:35 +0000] [2209] [INFO] Worker exiting (pid: 2209)
[2019-09-19 01:46:36 +0000] [2210] [INFO] Worker exiting (pid: 2210)
[2019-09-19 01:46:36 +0000] [131] [INFO] Shutting down: Master
[2019-09-19 01:47:41 +0000] [160] [INFO] Starting gunicorn 19.9.0
[2019-09-19 01:47:41 +0000] [160] [INFO] Listening at: http://127.0.0.1:8080 (160)
[2019-09-19 01:47:41 +0000] [160] [INFO] Using worker: threads
[2019-09-19 01:47:41 +0000] [167] [INFO] Booting worker with pid: 167
[2019-09-19 01:47:41 +0000] [168] [INFO] Booting worker with pid: 168
[2019-09-19 01:47:42 +0000] [169] [INFO] Booting worker with pid: 169
[2019-09-19 01:47:42 +0000] [170] [INFO] Booting worker with pid: 170
[2019-09-19 05:59:55 +0000] [160] [INFO] Handling signal: term
[2019-09-19 05:59:55 +0000] [167] [INFO] Worker exiting (pid: 167)
[2019-09-19 05:59:56 +0000] [169] [INFO] Worker exiting (pid: 169)
[2019-09-19 05:59:56 +0000] [170] [INFO] Worker exiting (pid: 170)
[2019-09-19 05:59:56 +0000] [168] [INFO] Worker exiting (pid: 168)
[2019-09-19 05:59:57 +0000] [160] [INFO] Shutting down: Master
[2019-09-19 06:05:01 +0000] [152] [INFO] Starting gunicorn 19.9.0
[2019-09-19 06:05:01 +0000] [152] [INFO] Listening at: http://127.0.0.1:8080 (152)
[2019-09-19 06:05:01 +0000] [152] [INFO] Using worker: threads
[2019-09-19 06:05:01 +0000] [159] [INFO] Booting worker with pid: 159
[2019-09-19 06:05:01 +0000] [160] [INFO] Booting worker with pid: 160
[2019-09-19 06:05:01 +0000] [161] [INFO] Booting worker with pid: 161
[2019-09-19 06:05:01 +0000] [162] [INFO] Booting worker with pid: 162
[2019-09-19 06:13:49 +0000] [152] [INFO] Handling signal: term
[2019-09-19 06:13:49 +0000] [160] [INFO] Worker exiting (pid: 160)
[2019-09-19 06:13:50 +0000] [162] [INFO] Worker exiting (pid: 162)
[2019-09-19 06:13:50 +0000] [159] [INFO] Worker exiting (pid: 159)
[2019-09-19 06:13:50 +0000] [161] [INFO] Worker exiting (pid: 161)
[2019-09-19 06:13:50 +0000] [152] [INFO] Shutting down: Master
[2019-09-21 02:01:50 +0000] [154] [INFO] Starting gunicorn 19.9.0
[2019-09-21 02:01:50 +0000] [154] [INFO] Listening at: http://127.0.0.1:8080 (154)
[2019-09-21 02:01:50 +0000] [154] [INFO] Using worker: threads
[2019-09-21 02:01:50 +0000] [161] [INFO] Booting worker with pid: 161
[2019-09-21 02:01:50 +0000] [162] [INFO] Booting worker with pid: 162
[2019-09-21 02:01:50 +0000] [163] [INFO] Booting worker with pid: 163
[2019-09-21 02:01:50 +0000] [164] [INFO] Booting worker with pid: 164
> /app/announcement/views/oj.py(11)get()
-> announcements = Announcement.objects.filter(visible=True)
(Pdb) > /app/announcement/views/oj.py(11)get()
-> announcements = Announcement.objects.filter(visible=True)
(Pdb) > /app/announcement/views/oj.py(11)get()
-> announcements = Announcement.objects.filter(visible=True)
(Pdb) > /app/announcement/views/oj.py(11)get()
-> announcements = Announcement.objects.filter(visible=True)
(Pdb) > /app/announcement/views/oj.py(11)get()
-> announcements = Announcement.objects.filter(visible=True)
(Pdb) > /app/announcement/views/oj.py(11)get()
-> announcements = Announcement.objects.filter(visible=True)
(Pdb) > /app/announcement/views/oj.py(11)get()
-> announcements = Announcement.objects.filter(visible=True)
(Pdb) [2019-09-21 02:19:02 +0000] [154] [INFO] Handling signal: term
[2019-09-21 02:19:03 +0000] [162] [INFO] Worker exiting (pid: 162)
